Analysis & Synthesis report for TopLevel
Mon Apr 10 14:58:27 2017
Quartus Prime Version 16.1.0 Build 196 10/24/2016 SJ Lite Edition


---------------------
; Table of Contents ;
---------------------
  1. Legal Notice
  2. Analysis & Synthesis Summary
  3. Analysis & Synthesis Settings
  4. Parallel Compilation
  5. Analysis & Synthesis Source Files Read
  6. Analysis & Synthesis Resource Usage Summary
  7. Analysis & Synthesis Resource Utilization by Entity
  8. State Machine - |TopLevel|System:dut|GCD_datapath:data|unsigned_divider:divider|controlpath:control|fsm_state
  9. State Machine - |TopLevel|System:dut|GCD_controlpath:control|fsm_state
 10. State Machine - |TopLevel|Scan_Chain:scan_instance|current_state
 11. General Register Statistics
 12. Multiplexer Restructuring Statistics (Restructuring Performed)
 13. Parameter Settings for User Entity Instance: Scan_Chain:scan_instance
 14. Parameter Settings for User Entity Instance: Scan_Chain:scan_instance|Scan_Reg:In_Reg
 15. Parameter Settings for User Entity Instance: Scan_Chain:scan_instance|Scan_Reg:Out_Reg
 16. Parameter Settings for User Entity Instance: System:dut|GCD_datapath:data|dataregister:dr1
 17. Parameter Settings for User Entity Instance: System:dut|GCD_datapath:data|dataregister:dr2
 18. Parameter Settings for User Entity Instance: System:dut|GCD_datapath:data|dataregister:dr5
 19. Parameter Settings for User Entity Instance: System:dut|GCD_datapath:data|unsigned_divider:divider|datapath:datap|dataregister:dr1
 20. Parameter Settings for User Entity Instance: System:dut|GCD_datapath:data|unsigned_divider:divider|datapath:datap|dataregister:dr2
 21. Parameter Settings for User Entity Instance: System:dut|GCD_datapath:data|unsigned_divider:divider|datapath:datap|dataregister:dr3
 22. Parameter Settings for User Entity Instance: System:dut|GCD_datapath:data|unsigned_divider:divider|datapath:datap|dataregister:dr5
 23. Port Connectivity Checks: "System:dut|GCD_datapath:data|comparer:comparator"
 24. Port Connectivity Checks: "System:dut|GCD_datapath:data|unsigned_divider:divider|datapath:datap|sixteenBitSubtract:subtract|bitAdder:add15"
 25. Port Connectivity Checks: "System:dut|GCD_datapath:data|unsigned_divider:divider|datapath:datap|sixteenBitSubtract:subtract|bitAdder:add0"
 26. Port Connectivity Checks: "System:dut|GCD_datapath:data|unsigned_divider:divider"
 27. Port Connectivity Checks: "System:dut"
 28. Port Connectivity Checks: "Scan_Chain:scan_instance|Scan_Reg:Out_Reg"
 29. Port Connectivity Checks: "Scan_Chain:scan_instance|Scan_Reg:In_Reg"
 30. Analysis & Synthesis Messages



----------------
; Legal Notice ;
----------------
Copyright (C) 2016  Intel Corporation. All rights reserved.
Your use of Intel Corporation's design tools, logic functions 
and other software and tools, and its AMPP partner logic 
functions, and any output files from any of the foregoing 
(including device programming or simulation files), and any 
associated documentation or information are expressly subject 
to the terms and conditions of the Intel Program License 
Subscription Agreement, the Intel Quartus Prime License Agreement,
the Intel MegaCore Function License Agreement, or other 
applicable license agreement, including, without limitation, 
that your use is for the sole purpose of programming logic 
devices manufactured by Intel and sold by Intel or its 
authorized distributors.  Please refer to the applicable 
agreement for further details.



+---------------------------------------------------------------------------+
; Analysis & Synthesis Summary                                              ;
+-----------------------------+---------------------------------------------+
; Analysis & Synthesis Status ; Successful - Mon Apr 10 14:58:27 2017       ;
; Quartus Prime Version       ; 16.1.0 Build 196 10/24/2016 SJ Lite Edition ;
; Revision Name               ; TopLevel                                    ;
; Top-level Entity Name       ; TopLevel                                    ;
; Family                      ; MAX V                                       ;
; Total logic elements        ; 234                                         ;
; Total pins                  ; 5                                           ;
; Total virtual pins          ; 0                                           ;
; UFM blocks                  ; 0 / 1 ( 0 % )                               ;
+-----------------------------+---------------------------------------------+


+----------------------------------------------------------------------------------------------------------------------+
; Analysis & Synthesis Settings                                                                                        ;
+----------------------------------------------------------------------------+--------------------+--------------------+
; Option                                                                     ; Setting            ; Default Value      ;
+----------------------------------------------------------------------------+--------------------+--------------------+
; Device                                                                     ; 5M1270ZT144C5      ;                    ;
; Top-level entity name                                                      ; TopLevel           ; TopLevel           ;
; Family name                                                                ; MAX V              ; Cyclone V          ;
; Use smart compilation                                                      ; Off                ; Off                ;
; Enable parallel Assembler and TimeQuest Timing Analyzer during compilation ; On                 ; On                 ;
; Enable compact report table                                                ; Off                ; Off                ;
; Restructure Multiplexers                                                   ; Auto               ; Auto               ;
; Create Debugging Nodes for IP Cores                                        ; Off                ; Off                ;
; Preserve fewer node names                                                  ; On                 ; On                 ;
; OpenCore Plus hardware evaluation                                          ; Enable             ; Enable             ;
; Verilog Version                                                            ; Verilog_2001       ; Verilog_2001       ;
; VHDL Version                                                               ; VHDL_1993          ; VHDL_1993          ;
; State Machine Processing                                                   ; Auto               ; Auto               ;
; Safe State Machine                                                         ; Off                ; Off                ;
; Extract Verilog State Machines                                             ; On                 ; On                 ;
; Extract VHDL State Machines                                                ; On                 ; On                 ;
; Ignore Verilog initial constructs                                          ; Off                ; Off                ;
; Iteration limit for constant Verilog loops                                 ; 5000               ; 5000               ;
; Iteration limit for non-constant Verilog loops                             ; 250                ; 250                ;
; Add Pass-Through Logic to Inferred RAMs                                    ; On                 ; On                 ;
; Infer RAMs from Raw Logic                                                  ; On                 ; On                 ;
; Parallel Synthesis                                                         ; On                 ; On                 ;
; NOT Gate Push-Back                                                         ; On                 ; On                 ;
; Power-Up Don't Care                                                        ; On                 ; On                 ;
; Remove Redundant Logic Cells                                               ; Off                ; Off                ;
; Remove Duplicate Registers                                                 ; On                 ; On                 ;
; Ignore CARRY Buffers                                                       ; Off                ; Off                ;
; Ignore CASCADE Buffers                                                     ; Off                ; Off                ;
; Ignore GLOBAL Buffers                                                      ; Off                ; Off                ;
; Ignore ROW GLOBAL Buffers                                                  ; Off                ; Off                ;
; Ignore LCELL Buffers                                                       ; Off                ; Off                ;
; Ignore SOFT Buffers                                                        ; On                 ; On                 ;
; Limit AHDL Integers to 32 Bits                                             ; Off                ; Off                ;
; Optimization Technique                                                     ; Balanced           ; Balanced           ;
; Carry Chain Length                                                         ; 70                 ; 70                 ;
; Auto Carry Chains                                                          ; On                 ; On                 ;
; Auto Open-Drain Pins                                                       ; On                 ; On                 ;
; Perform WYSIWYG Primitive Resynthesis                                      ; Off                ; Off                ;
; Auto Shift Register Replacement                                            ; Auto               ; Auto               ;
; Allow Shift Register Merging across Hierarchies                            ; Auto               ; Auto               ;
; Auto Clock Enable Replacement                                              ; On                 ; On                 ;
; Allow Synchronous Control Signals                                          ; On                 ; On                 ;
; Force Use of Synchronous Clear Signals                                     ; Off                ; Off                ;
; Auto Resource Sharing                                                      ; Off                ; Off                ;
; Use LogicLock Constraints during Resource Balancing                        ; On                 ; On                 ;
; Ignore translate_off and synthesis_off directives                          ; Off                ; Off                ;
; Report Parameter Settings                                                  ; On                 ; On                 ;
; Report Source Assignments                                                  ; On                 ; On                 ;
; Report Connectivity Checks                                                 ; On                 ; On                 ;
; Ignore Maximum Fan-Out Assignments                                         ; Off                ; Off                ;
; Synchronization Register Chain Length                                      ; 2                  ; 2                  ;
; PowerPlay Power Optimization During Synthesis                              ; Normal compilation ; Normal compilation ;
; HDL message level                                                          ; Level2             ; Level2             ;
; Suppress Register Optimization Related Messages                            ; Off                ; Off                ;
; Number of Removed Registers Reported in Synthesis Report                   ; 5000               ; 5000               ;
; Number of Swept Nodes Reported in Synthesis Report                         ; 5000               ; 5000               ;
; Number of Inverted Registers Reported in Synthesis Report                  ; 100                ; 100                ;
; Clock MUX Protection                                                       ; On                 ; On                 ;
; Block Design Naming                                                        ; Auto               ; Auto               ;
; Synthesis Effort                                                           ; Auto               ; Auto               ;
; Shift Register Replacement - Allow Asynchronous Clear Signal               ; On                 ; On                 ;
; Analysis & Synthesis Message Level                                         ; Medium             ; Medium             ;
; Disable Register Merging Across Hierarchies                                ; Auto               ; Auto               ;
+----------------------------------------------------------------------------+--------------------+--------------------+


+------------------------------------------+
; Parallel Compilation                     ;
+----------------------------+-------------+
; Processors                 ; Number      ;
+----------------------------+-------------+
; Number detected on machine ; 4           ;
; Maximum allowed            ; 4           ;
;                            ;             ;
; Average used               ; 1.00        ;
; Maximum used               ; 1           ;
;                            ;             ;
; Usage by Processor         ; % Time Used ;
;     Processor 1            ; 100.0%      ;
+----------------------------+-------------+


+-----------------------------------------------------------------------------------------------------------------------------------------------------------------------------------------------------------------------------------+
; Analysis & Synthesis Source Files Read                                                                                                                                                                                            ;
+-----------------------------------------------------------------+-----------------+-----------------+-------------------------------------------------------------------------------------------------------------------+---------+
; File Name with User-Entered Path                                ; Used in Netlist ; File Type       ; File Name with Absolute Path                                                                                      ; Library ;
+-----------------------------------------------------------------+-----------------+-----------------+-------------------------------------------------------------------------------------------------------------------+---------+
; ../../EE214 - Experiment 8/Reference/GCD/unsigned_divider.vhd   ; yes             ; User VHDL File  ; /home/dhruv-shah/Desktop/IIT Bombay 2015-19/Sem 4/EE214/EE214 - Experiment 8/Reference/GCD/unsigned_divider.vhd   ;         ;
; ../../EE214 - Experiment 8/Reference/GCD/TopLevel.vhdl          ; yes             ; User VHDL File  ; /home/dhruv-shah/Desktop/IIT Bombay 2015-19/Sem 4/EE214/EE214 - Experiment 8/Reference/GCD/TopLevel.vhdl          ;         ;
; ../../EE214 - Experiment 8/Reference/GCD/thepackage.vhd         ; yes             ; User VHDL File  ; /home/dhruv-shah/Desktop/IIT Bombay 2015-19/Sem 4/EE214/EE214 - Experiment 8/Reference/GCD/thepackage.vhd         ;         ;
; ../../EE214 - Experiment 8/Reference/GCD/System.vhd             ; yes             ; User VHDL File  ; /home/dhruv-shah/Desktop/IIT Bombay 2015-19/Sem 4/EE214/EE214 - Experiment 8/Reference/GCD/System.vhd             ;         ;
; ../../EE214 - Experiment 8/Reference/GCD/sixteenBitSubtract.vhd ; yes             ; User VHDL File  ; /home/dhruv-shah/Desktop/IIT Bombay 2015-19/Sem 4/EE214/EE214 - Experiment 8/Reference/GCD/sixteenBitSubtract.vhd ;         ;
; ../../EE214 - Experiment 8/Reference/GCD/scan_reg.vhdl          ; yes             ; User VHDL File  ; /home/dhruv-shah/Desktop/IIT Bombay 2015-19/Sem 4/EE214/EE214 - Experiment 8/Reference/GCD/scan_reg.vhdl          ;         ;
; ../../EE214 - Experiment 8/Reference/GCD/scan_chain.vhdl        ; yes             ; User VHDL File  ; /home/dhruv-shah/Desktop/IIT Bombay 2015-19/Sem 4/EE214/EE214 - Experiment 8/Reference/GCD/scan_chain.vhdl        ;         ;
; ../../EE214 - Experiment 8/Reference/GCD/GCD_datapath.vhd       ; yes             ; User VHDL File  ; /home/dhruv-shah/Desktop/IIT Bombay 2015-19/Sem 4/EE214/EE214 - Experiment 8/Reference/GCD/GCD_datapath.vhd       ;         ;
; ../../EE214 - Experiment 8/Reference/GCD/GCD_controlpath.vhd    ; yes             ; User VHDL File  ; /home/dhruv-shah/Desktop/IIT Bombay 2015-19/Sem 4/EE214/EE214 - Experiment 8/Reference/GCD/GCD_controlpath.vhd    ;         ;
; ../../EE214 - Experiment 8/Reference/GCD/dataregister.vhd       ; yes             ; User VHDL File  ; /home/dhruv-shah/Desktop/IIT Bombay 2015-19/Sem 4/EE214/EE214 - Experiment 8/Reference/GCD/dataregister.vhd       ;         ;
; ../../EE214 - Experiment 8/Reference/GCD/datapath.vhd           ; yes             ; User VHDL File  ; /home/dhruv-shah/Desktop/IIT Bombay 2015-19/Sem 4/EE214/EE214 - Experiment 8/Reference/GCD/datapath.vhd           ;         ;
; ../../EE214 - Experiment 8/Reference/GCD/controlpath.vhd        ; yes             ; User VHDL File  ; /home/dhruv-shah/Desktop/IIT Bombay 2015-19/Sem 4/EE214/EE214 - Experiment 8/Reference/GCD/controlpath.vhd        ;         ;
; ../../EE214 - Experiment 8/Reference/GCD/comparer.vhd           ; yes             ; User VHDL File  ; /home/dhruv-shah/Desktop/IIT Bombay 2015-19/Sem 4/EE214/EE214 - Experiment 8/Reference/GCD/comparer.vhd           ;         ;
; ../../EE214 - Experiment 8/Reference/GCD/bitAdder.vhd           ; yes             ; User VHDL File  ; /home/dhruv-shah/Desktop/IIT Bombay 2015-19/Sem 4/EE214/EE214 - Experiment 8/Reference/GCD/bitAdder.vhd           ;         ;
+-----------------------------------------------------------------+-----------------+-----------------+-------------------------------------------------------------------------------------------------------------------+---------+


+-----------------------------------------------------+
; Analysis & Synthesis Resource Usage Summary         ;
+---------------------------------------------+-------+
; Resource                                    ; Usage ;
+---------------------------------------------+-------+
; Total logic elements                        ; 234   ;
;     -- Combinational with no register       ; 73    ;
;     -- Register only                        ; 1     ;
;     -- Combinational with a register        ; 160   ;
;                                             ;       ;
; Logic element usage by number of LUT inputs ;       ;
;     -- 4 input functions                    ; 118   ;
;     -- 3 input functions                    ; 73    ;
;     -- 2 input functions                    ; 42    ;
;     -- 1 input functions                    ; 0     ;
;     -- 0 input functions                    ; 0     ;
;                                             ;       ;
; Logic elements by mode                      ;       ;
;     -- normal mode                          ; 219   ;
;     -- arithmetic mode                      ; 15    ;
;     -- qfbk mode                            ; 0     ;
;     -- register cascade mode                ; 0     ;
;     -- synchronous clear/load mode          ; 29    ;
;     -- asynchronous clear/load mode         ; 5     ;
;                                             ;       ;
; Total registers                             ; 161   ;
; Total logic cells in carry chains           ; 16    ;
; I/O pins                                    ; 5     ;
; Maximum fan-out node                        ; TRST  ;
; Maximum fan-out                             ; 114   ;
; Total fan-out                               ; 1110  ;
; Average fan-out                             ; 4.64  ;
+---------------------------------------------+-------+


+-------------------------------------------------------------------------------------------------------------------------------------------------------------------------------------------------------------------------------------------------------------------------------------------------------------------------------------------------------------------+
; Analysis & Synthesis Resource Utilization by Entity                                                                                                                                                                                                                                                                                                               ;
+----------------------------------------------+-------------+--------------+------------+------+--------------+--------------+-------------------+------------------+-----------------+------------+---------------------------------------------------------------------------------------------------------------------------+--------------------+--------------+
; Compilation Hierarchy Node                   ; Logic Cells ; LC Registers ; UFM Blocks ; Pins ; Virtual Pins ; LUT-Only LCs ; Register-Only LCs ; LUT/Register LCs ; Carry Chain LCs ; Packed LCs ; Full Hierarchy Name                                                                                                       ; Entity Name        ; Library Name ;
+----------------------------------------------+-------------+--------------+------------+------+--------------+--------------+-------------------+------------------+-----------------+------------+---------------------------------------------------------------------------------------------------------------------------+--------------------+--------------+
; |TopLevel                                    ; 234 (0)     ; 161          ; 0          ; 5    ; 0            ; 73 (0)       ; 1 (0)             ; 160 (0)          ; 16 (0)          ; 0 (0)      ; |TopLevel                                                                                                                 ; TopLevel           ; work         ;
;    |Scan_Chain:scan_instance|                ; 66 (6)      ; 61           ; 0          ; 0    ; 0            ; 5 (1)        ; 1 (1)             ; 60 (4)           ; 0 (0)           ; 0 (0)      ; |TopLevel|Scan_Chain:scan_instance                                                                                        ; Scan_Chain         ; work         ;
;       |Scan_Reg:In_Reg|                      ; 43 (43)     ; 40           ; 0          ; 0    ; 0            ; 3 (3)        ; 0 (0)             ; 40 (40)          ; 0 (0)           ; 0 (0)      ; |TopLevel|Scan_Chain:scan_instance|Scan_Reg:In_Reg                                                                        ; Scan_Reg           ; work         ;
;       |Scan_Reg:Out_Reg|                     ; 17 (17)     ; 16           ; 0          ; 0    ; 0            ; 1 (1)        ; 0 (0)             ; 16 (16)          ; 0 (0)           ; 0 (0)      ; |TopLevel|Scan_Chain:scan_instance|Scan_Reg:Out_Reg                                                                       ; Scan_Reg           ; work         ;
;    |System:dut|                              ; 168 (0)     ; 100          ; 0          ; 0    ; 0            ; 68 (0)       ; 0 (0)             ; 100 (0)          ; 16 (0)          ; 0 (0)      ; |TopLevel|System:dut                                                                                                      ; System             ; work         ;
;       |GCD_controlpath:control|              ; 11 (11)     ; 6            ; 0          ; 0    ; 0            ; 5 (5)        ; 0 (0)             ; 6 (6)            ; 0 (0)           ; 0 (0)      ; |TopLevel|System:dut|GCD_controlpath:control                                                                              ; GCD_controlpath    ; work         ;
;       |GCD_datapath:data|                    ; 157 (2)     ; 94           ; 0          ; 0    ; 0            ; 63 (2)       ; 0 (0)             ; 94 (0)           ; 16 (0)          ; 0 (0)      ; |TopLevel|System:dut|GCD_datapath:data                                                                                    ; GCD_datapath       ; work         ;
;          |comparer:comparator|               ; 5 (5)       ; 0            ; 0          ; 0    ; 0            ; 5 (5)        ; 0 (0)             ; 0 (0)            ; 0 (0)           ; 0 (0)      ; |TopLevel|System:dut|GCD_datapath:data|comparer:comparator                                                                ; comparer           ; work         ;
;          |dataregister:dr1|                  ; 19 (19)     ; 16           ; 0          ; 0    ; 0            ; 3 (3)        ; 0 (0)             ; 16 (16)          ; 0 (0)           ; 0 (0)      ; |TopLevel|System:dut|GCD_datapath:data|dataregister:dr1                                                                   ; dataregister       ; work         ;
;          |dataregister:dr2|                  ; 16 (16)     ; 16           ; 0          ; 0    ; 0            ; 0 (0)        ; 0 (0)             ; 16 (16)          ; 0 (0)           ; 0 (0)      ; |TopLevel|System:dut|GCD_datapath:data|dataregister:dr2                                                                   ; dataregister       ; work         ;
;          |dataregister:dr5|                  ; 8 (8)       ; 8            ; 0          ; 0    ; 0            ; 0 (0)        ; 0 (0)             ; 8 (8)            ; 0 (0)           ; 0 (0)      ; |TopLevel|System:dut|GCD_datapath:data|dataregister:dr5                                                                   ; dataregister       ; work         ;
;          |unsigned_divider:divider|          ; 107 (0)     ; 54           ; 0          ; 0    ; 0            ; 53 (0)       ; 0 (0)             ; 54 (0)           ; 16 (0)          ; 0 (0)      ; |TopLevel|System:dut|GCD_datapath:data|unsigned_divider:divider                                                           ; unsigned_divider   ; work         ;
;             |controlpath:control|            ; 9 (9)       ; 6            ; 0          ; 0    ; 0            ; 3 (3)        ; 0 (0)             ; 6 (6)            ; 0 (0)           ; 0 (0)      ; |TopLevel|System:dut|GCD_datapath:data|unsigned_divider:divider|controlpath:control                                       ; controlpath        ; work         ;
;             |datapath:datap|                 ; 98 (3)      ; 48           ; 0          ; 0    ; 0            ; 50 (3)       ; 0 (0)             ; 48 (0)           ; 16 (0)          ; 0 (0)      ; |TopLevel|System:dut|GCD_datapath:data|unsigned_divider:divider|datapath:datap                                            ; datapath           ; work         ;
;                |comparer:comparator|         ; 16 (16)     ; 0            ; 0          ; 0    ; 0            ; 16 (16)      ; 0 (0)             ; 0 (0)            ; 16 (16)         ; 0 (0)      ; |TopLevel|System:dut|GCD_datapath:data|unsigned_divider:divider|datapath:datap|comparer:comparator                        ; comparer           ; work         ;
;                |dataregister:dr1|            ; 16 (16)     ; 16           ; 0          ; 0    ; 0            ; 0 (0)        ; 0 (0)             ; 16 (16)          ; 0 (0)           ; 0 (0)      ; |TopLevel|System:dut|GCD_datapath:data|unsigned_divider:divider|datapath:datap|dataregister:dr1                           ; dataregister       ; work         ;
;                |dataregister:dr2|            ; 19 (19)     ; 16           ; 0          ; 0    ; 0            ; 3 (3)        ; 0 (0)             ; 16 (16)          ; 0 (0)           ; 0 (0)      ; |TopLevel|System:dut|GCD_datapath:data|unsigned_divider:divider|datapath:datap|dataregister:dr2                           ; dataregister       ; work         ;
;                |dataregister:dr5|            ; 17 (17)     ; 16           ; 0          ; 0    ; 0            ; 1 (1)        ; 0 (0)             ; 16 (16)          ; 0 (0)           ; 0 (0)      ; |TopLevel|System:dut|GCD_datapath:data|unsigned_divider:divider|datapath:datap|dataregister:dr5                           ; dataregister       ; work         ;
;                |sixteenBitSubtract:subtract| ; 27 (0)      ; 0            ; 0          ; 0    ; 0            ; 27 (0)       ; 0 (0)             ; 0 (0)            ; 0 (0)           ; 0 (0)      ; |TopLevel|System:dut|GCD_datapath:data|unsigned_divider:divider|datapath:datap|sixteenBitSubtract:subtract                ; sixteenBitSubtract ; work         ;
;                   |bitAdder:add10|           ; 2 (2)       ; 0            ; 0          ; 0    ; 0            ; 2 (2)        ; 0 (0)             ; 0 (0)            ; 0 (0)           ; 0 (0)      ; |TopLevel|System:dut|GCD_datapath:data|unsigned_divider:divider|datapath:datap|sixteenBitSubtract:subtract|bitAdder:add10 ; bitAdder           ; work         ;
;                   |bitAdder:add11|           ; 2 (2)       ; 0            ; 0          ; 0    ; 0            ; 2 (2)        ; 0 (0)             ; 0 (0)            ; 0 (0)           ; 0 (0)      ; |TopLevel|System:dut|GCD_datapath:data|unsigned_divider:divider|datapath:datap|sixteenBitSubtract:subtract|bitAdder:add11 ; bitAdder           ; work         ;
;                   |bitAdder:add12|           ; 2 (2)       ; 0            ; 0          ; 0    ; 0            ; 2 (2)        ; 0 (0)             ; 0 (0)            ; 0 (0)           ; 0 (0)      ; |TopLevel|System:dut|GCD_datapath:data|unsigned_divider:divider|datapath:datap|sixteenBitSubtract:subtract|bitAdder:add12 ; bitAdder           ; work         ;
;                   |bitAdder:add13|           ; 2 (2)       ; 0            ; 0          ; 0    ; 0            ; 2 (2)        ; 0 (0)             ; 0 (0)            ; 0 (0)           ; 0 (0)      ; |TopLevel|System:dut|GCD_datapath:data|unsigned_divider:divider|datapath:datap|sixteenBitSubtract:subtract|bitAdder:add13 ; bitAdder           ; work         ;
;                   |bitAdder:add14|           ; 1 (1)       ; 0            ; 0          ; 0    ; 0            ; 1 (1)        ; 0 (0)             ; 0 (0)            ; 0 (0)           ; 0 (0)      ; |TopLevel|System:dut|GCD_datapath:data|unsigned_divider:divider|datapath:datap|sixteenBitSubtract:subtract|bitAdder:add14 ; bitAdder           ; work         ;
;                   |bitAdder:add1|            ; 2 (2)       ; 0            ; 0          ; 0    ; 0            ; 2 (2)        ; 0 (0)             ; 0 (0)            ; 0 (0)           ; 0 (0)      ; |TopLevel|System:dut|GCD_datapath:data|unsigned_divider:divider|datapath:datap|sixteenBitSubtract:subtract|bitAdder:add1  ; bitAdder           ; work         ;
;                   |bitAdder:add2|            ; 2 (2)       ; 0            ; 0          ; 0    ; 0            ; 2 (2)        ; 0 (0)             ; 0 (0)            ; 0 (0)           ; 0 (0)      ; |TopLevel|System:dut|GCD_datapath:data|unsigned_divider:divider|datapath:datap|sixteenBitSubtract:subtract|bitAdder:add2  ; bitAdder           ; work         ;
;                   |bitAdder:add3|            ; 2 (2)       ; 0            ; 0          ; 0    ; 0            ; 2 (2)        ; 0 (0)             ; 0 (0)            ; 0 (0)           ; 0 (0)      ; |TopLevel|System:dut|GCD_datapath:data|unsigned_divider:divider|datapath:datap|sixteenBitSubtract:subtract|bitAdder:add3  ; bitAdder           ; work         ;
;                   |bitAdder:add4|            ; 2 (2)       ; 0            ; 0          ; 0    ; 0            ; 2 (2)        ; 0 (0)             ; 0 (0)            ; 0 (0)           ; 0 (0)      ; |TopLevel|System:dut|GCD_datapath:data|unsigned_divider:divider|datapath:datap|sixteenBitSubtract:subtract|bitAdder:add4  ; bitAdder           ; work         ;
;                   |bitAdder:add5|            ; 2 (2)       ; 0            ; 0          ; 0    ; 0            ; 2 (2)        ; 0 (0)             ; 0 (0)            ; 0 (0)           ; 0 (0)      ; |TopLevel|System:dut|GCD_datapath:data|unsigned_divider:divider|datapath:datap|sixteenBitSubtract:subtract|bitAdder:add5  ; bitAdder           ; work         ;
;                   |bitAdder:add6|            ; 2 (2)       ; 0            ; 0          ; 0    ; 0            ; 2 (2)        ; 0 (0)             ; 0 (0)            ; 0 (0)           ; 0 (0)      ; |TopLevel|System:dut|GCD_datapath:data|unsigned_divider:divider|datapath:datap|sixteenBitSubtract:subtract|bitAdder:add6  ; bitAdder           ; work         ;
;                   |bitAdder:add7|            ; 2 (2)       ; 0            ; 0          ; 0    ; 0            ; 2 (2)        ; 0 (0)             ; 0 (0)            ; 0 (0)           ; 0 (0)      ; |TopLevel|System:dut|GCD_datapath:data|unsigned_divider:divider|datapath:datap|sixteenBitSubtract:subtract|bitAdder:add7  ; bitAdder           ; work         ;
;                   |bitAdder:add8|            ; 2 (2)       ; 0            ; 0          ; 0    ; 0            ; 2 (2)        ; 0 (0)             ; 0 (0)            ; 0 (0)           ; 0 (0)      ; |TopLevel|System:dut|GCD_datapath:data|unsigned_divider:divider|datapath:datap|sixteenBitSubtract:subtract|bitAdder:add8  ; bitAdder           ; work         ;
;                   |bitAdder:add9|            ; 2 (2)       ; 0            ; 0          ; 0    ; 0            ; 2 (2)        ; 0 (0)             ; 0 (0)            ; 0 (0)           ; 0 (0)      ; |TopLevel|System:dut|GCD_datapath:data|unsigned_divider:divider|datapath:datap|sixteenBitSubtract:subtract|bitAdder:add9  ; bitAdder           ; work         ;
+----------------------------------------------+-------------+--------------+------------+------+--------------+--------------+-------------------+------------------+-----------------+------------+---------------------------------------------------------------------------------------------------------------------------+--------------------+--------------+
Note: For table entries with two numbers listed, the numbers in parentheses indicate the number of resources of the given type used by the specific entity alone. The numbers listed outside of parentheses indicate the total resources of the given type used by the specific entity and all of its sub-entities in the hierarchy.


Encoding Type:  One-Hot
+---------------------------------------------------------------------------------------------------------------------------------------------------+
; State Machine - |TopLevel|System:dut|GCD_datapath:data|unsigned_divider:divider|controlpath:control|fsm_state                                     ;
+-----------------------+---------------------+-----------------+-----------------------+---------------------+---------------------+---------------+
; Name                  ; fsm_state.donestate ; fsm_state.doing ; fsm_state.subtracting ; fsm_state.comparing ; fsm_state.leftshift ; fsm_state.phi ;
+-----------------------+---------------------+-----------------+-----------------------+---------------------+---------------------+---------------+
; fsm_state.phi         ; 0                   ; 0               ; 0                     ; 0                   ; 0                   ; 0             ;
; fsm_state.leftshift   ; 0                   ; 0               ; 0                     ; 0                   ; 1                   ; 1             ;
; fsm_state.comparing   ; 0                   ; 0               ; 0                     ; 1                   ; 0                   ; 1             ;
; fsm_state.subtracting ; 0                   ; 0               ; 1                     ; 0                   ; 0                   ; 1             ;
; fsm_state.doing       ; 0                   ; 1               ; 0                     ; 0                   ; 0                   ; 1             ;
; fsm_state.donestate   ; 1                   ; 0               ; 0                     ; 0                   ; 0                   ; 1             ;
+-----------------------+---------------------+-----------------+-----------------------+---------------------+---------------------+---------------+


Encoding Type:  One-Hot
+-------------------------------------------------------------------------------------------------------------------------------------------+
; State Machine - |TopLevel|System:dut|GCD_controlpath:control|fsm_state                                                                    ;
+---------------------+---------------------+--------------------+--------------------+------------------+------------------+---------------+
; Name                ; fsm_state.donestate ; fsm_state.checkRem ; fsm_state.doDivide ; fsm_state.input2 ; fsm_state.input1 ; fsm_state.phi ;
+---------------------+---------------------+--------------------+--------------------+------------------+------------------+---------------+
; fsm_state.phi       ; 0                   ; 0                  ; 0                  ; 0                ; 0                ; 0             ;
; fsm_state.input1    ; 0                   ; 0                  ; 0                  ; 0                ; 1                ; 1             ;
; fsm_state.input2    ; 0                   ; 0                  ; 0                  ; 1                ; 0                ; 1             ;
; fsm_state.doDivide  ; 0                   ; 0                  ; 1                  ; 0                ; 0                ; 1             ;
; fsm_state.checkRem  ; 0                   ; 1                  ; 0                  ; 0                ; 0                ; 1             ;
; fsm_state.donestate ; 1                   ; 0                  ; 0                  ; 0                ; 0                ; 1             ;
+---------------------+---------------------+--------------------+--------------------+------------------+------------------+---------------+


Encoding Type:  One-Hot
+------------------------------------------------------------------------------------------------------------------------------------------------+
; State Machine - |TopLevel|Scan_Chain:scan_instance|current_state                                                                               ;
+-------------------------+------------------------+-----------------------+-------------------------+--------------------+----------------------+
; Name                    ; current_state.s_update ; current_state.s_shift ; current_state.s_capture ; current_state.s_DR ; current_state.s_idle ;
+-------------------------+------------------------+-----------------------+-------------------------+--------------------+----------------------+
; current_state.s_idle    ; 0                      ; 0                     ; 0                       ; 0                  ; 0                    ;
; current_state.s_DR      ; 0                      ; 0                     ; 0                       ; 1                  ; 1                    ;
; current_state.s_capture ; 0                      ; 0                     ; 1                       ; 0                  ; 1                    ;
; current_state.s_shift   ; 0                      ; 1                     ; 0                       ; 0                  ; 1                    ;
; current_state.s_update  ; 1                      ; 0                     ; 0                       ; 0                  ; 1                    ;
+-------------------------+------------------------+-----------------------+-------------------------+--------------------+----------------------+


+------------------------------------------------------+
; General Register Statistics                          ;
+----------------------------------------------+-------+
; Statistic                                    ; Value ;
+----------------------------------------------+-------+
; Total registers                              ; 161   ;
; Number of registers using Synchronous Clear  ; 16    ;
; Number of registers using Synchronous Load   ; 13    ;
; Number of registers using Asynchronous Clear ; 5     ;
; Number of registers using Asynchronous Load  ; 0     ;
; Number of registers using Clock Enable       ; 141   ;
; Number of registers using Preset             ; 0     ;
+----------------------------------------------+-------+


+------------------------------------------------------------------------------------------------------------------------------------------------------------------------------------------------------------------------+
; Multiplexer Restructuring Statistics (Restructuring Performed)                                                                                                                                                         ;
+--------------------+-----------+---------------+----------------------+------------------------+------------+----------------------------------------------------------------------------------------------------------+
; Multiplexer Inputs ; Bus Width ; Baseline Area ; Area if Restructured ; Saving if Restructured ; Registered ; Example Multiplexer Output                                                                               ;
+--------------------+-----------+---------------+----------------------+------------------------+------------+----------------------------------------------------------------------------------------------------------+
; 3:1                ; 7 bits    ; 14 LEs        ; 7 LEs                ; 7 LEs                  ; Yes        ; |TopLevel|System:dut|GCD_datapath:data|dataregister:dr5|Dout[3]                                          ;
; 3:1                ; 16 bits   ; 32 LEs        ; 16 LEs               ; 16 LEs                 ; Yes        ; |TopLevel|System:dut|GCD_datapath:data|dataregister:dr2|Dout[4]                                          ;
; 3:1                ; 16 bits   ; 32 LEs        ; 16 LEs               ; 16 LEs                 ; Yes        ; |TopLevel|System:dut|GCD_datapath:data|dataregister:dr1|Dout[4]                                          ;
; 3:1                ; 20 bits   ; 40 LEs        ; 20 LEs               ; 20 LEs                 ; Yes        ; |TopLevel|Scan_Chain:scan_instance|Scan_Reg:In_Reg|L2[14]                                                ;
; 4:1                ; 14 bits   ; 28 LEs        ; 28 LEs               ; 0 LEs                  ; Yes        ; |TopLevel|System:dut|GCD_datapath:data|unsigned_divider:divider|datapath:datap|dataregister:dr5|Dout[8]  ;
; 4:1                ; 14 bits   ; 28 LEs        ; 28 LEs               ; 0 LEs                  ; Yes        ; |TopLevel|System:dut|GCD_datapath:data|unsigned_divider:divider|datapath:datap|dataregister:dr2|Dout[13] ;
; 4:1                ; 20 bits   ; 40 LEs        ; 20 LEs               ; 20 LEs                 ; Yes        ; |TopLevel|Scan_Chain:scan_instance|Scan_Reg:In_Reg|L1[15]                                                ;
; 4:1                ; 16 bits   ; 32 LEs        ; 32 LEs               ; 0 LEs                  ; Yes        ; |TopLevel|Scan_Chain:scan_instance|Scan_Reg:Out_Reg|L1[4]                                                ;
; 7:1                ; 2 bits    ; 8 LEs         ; 8 LEs                ; 0 LEs                  ; No         ; |TopLevel|System:dut|GCD_datapath:data|unsigned_divider:divider|controlpath:control|fsm_state            ;
+--------------------+-----------+---------------+----------------------+------------------------+------------+----------------------------------------------------------------------------------------------------------+


+-----------------------------------------------------------------------+
; Parameter Settings for User Entity Instance: Scan_Chain:scan_instance ;
+----------------+-------+----------------------------------------------+
; Parameter Name ; Value ; Type                                         ;
+----------------+-------+----------------------------------------------+
; in_pins        ; 20    ; Signed Integer                               ;
; out_pins       ; 16    ; Signed Integer                               ;
+----------------+-------+----------------------------------------------+
Note: In order to hide this table in the UI and the text report file, please set the "Show Parameter Settings in Synthesis Report" option in "Analysis and Synthesis Settings -> More Settings" to "Off".


+---------------------------------------------------------------------------------------+
; Parameter Settings for User Entity Instance: Scan_Chain:scan_instance|Scan_Reg:In_Reg ;
+----------------+-------+--------------------------------------------------------------+
; Parameter Name ; Value ; Type                                                         ;
+----------------+-------+--------------------------------------------------------------+
; length         ; 20    ; Signed Integer                                               ;
+----------------+-------+--------------------------------------------------------------+
Note: In order to hide this table in the UI and the text report file, please set the "Show Parameter Settings in Synthesis Report" option in "Analysis and Synthesis Settings -> More Settings" to "Off".


+----------------------------------------------------------------------------------------+
; Parameter Settings for User Entity Instance: Scan_Chain:scan_instance|Scan_Reg:Out_Reg ;
+----------------+-------+---------------------------------------------------------------+
; Parameter Name ; Value ; Type                                                          ;
+----------------+-------+---------------------------------------------------------------+
; length         ; 16    ; Signed Integer                                                ;
+----------------+-------+---------------------------------------------------------------+
Note: In order to hide this table in the UI and the text report file, please set the "Show Parameter Settings in Synthesis Report" option in "Analysis and Synthesis Settings -> More Settings" to "Off".


+--------------------------------------------------------------------------------------------+
; Parameter Settings for User Entity Instance: System:dut|GCD_datapath:data|dataregister:dr1 ;
+----------------+-------+-------------------------------------------------------------------+
; Parameter Name ; Value ; Type                                                              ;
+----------------+-------+-------------------------------------------------------------------+
; data_width     ; 16    ; Signed Integer                                                    ;
+----------------+-------+-------------------------------------------------------------------+
Note: In order to hide this table in the UI and the text report file, please set the "Show Parameter Settings in Synthesis Report" option in "Analysis and Synthesis Settings -> More Settings" to "Off".


+--------------------------------------------------------------------------------------------+
; Parameter Settings for User Entity Instance: System:dut|GCD_datapath:data|dataregister:dr2 ;
+----------------+-------+-------------------------------------------------------------------+
; Parameter Name ; Value ; Type                                                              ;
+----------------+-------+-------------------------------------------------------------------+
; data_width     ; 16    ; Signed Integer                                                    ;
+----------------+-------+-------------------------------------------------------------------+
Note: In order to hide this table in the UI and the text report file, please set the "Show Parameter Settings in Synthesis Report" option in "Analysis and Synthesis Settings -> More Settings" to "Off".


+--------------------------------------------------------------------------------------------+
; Parameter Settings for User Entity Instance: System:dut|GCD_datapath:data|dataregister:dr5 ;
+----------------+-------+-------------------------------------------------------------------+
; Parameter Name ; Value ; Type                                                              ;
+----------------+-------+-------------------------------------------------------------------+
; data_width     ; 8     ; Signed Integer                                                    ;
+----------------+-------+-------------------------------------------------------------------+
Note: In order to hide this table in the UI and the text report file, please set the "Show Parameter Settings in Synthesis Report" option in "Analysis and Synthesis Settings -> More Settings" to "Off".


+------------------------------------------------------------------------------------------------------------------------------------+
; Parameter Settings for User Entity Instance: System:dut|GCD_datapath:data|unsigned_divider:divider|datapath:datap|dataregister:dr1 ;
+----------------+-------+-----------------------------------------------------------------------------------------------------------+
; Parameter Name ; Value ; Type                                                                                                      ;
+----------------+-------+-----------------------------------------------------------------------------------------------------------+
; data_width     ; 16    ; Signed Integer                                                                                            ;
+----------------+-------+-----------------------------------------------------------------------------------------------------------+
Note: In order to hide this table in the UI and the text report file, please set the "Show Parameter Settings in Synthesis Report" option in "Analysis and Synthesis Settings -> More Settings" to "Off".


+------------------------------------------------------------------------------------------------------------------------------------+
; Parameter Settings for User Entity Instance: System:dut|GCD_datapath:data|unsigned_divider:divider|datapath:datap|dataregister:dr2 ;
+----------------+-------+-----------------------------------------------------------------------------------------------------------+
; Parameter Name ; Value ; Type                                                                                                      ;
+----------------+-------+-----------------------------------------------------------------------------------------------------------+
; data_width     ; 16    ; Signed Integer                                                                                            ;
+----------------+-------+-----------------------------------------------------------------------------------------------------------+
Note: In order to hide this table in the UI and the text report file, please set the "Show Parameter Settings in Synthesis Report" option in "Analysis and Synthesis Settings -> More Settings" to "Off".


+------------------------------------------------------------------------------------------------------------------------------------+
; Parameter Settings for User Entity Instance: System:dut|GCD_datapath:data|unsigned_divider:divider|datapath:datap|dataregister:dr3 ;
+----------------+-------+-----------------------------------------------------------------------------------------------------------+
; Parameter Name ; Value ; Type                                                                                                      ;
+----------------+-------+-----------------------------------------------------------------------------------------------------------+
; data_width     ; 16    ; Signed Integer                                                                                            ;
+----------------+-------+-----------------------------------------------------------------------------------------------------------+
Note: In order to hide this table in the UI and the text report file, please set the "Show Parameter Settings in Synthesis Report" option in "Analysis and Synthesis Settings -> More Settings" to "Off".


+------------------------------------------------------------------------------------------------------------------------------------+
; Parameter Settings for User Entity Instance: System:dut|GCD_datapath:data|unsigned_divider:divider|datapath:datap|dataregister:dr5 ;
+----------------+-------+-----------------------------------------------------------------------------------------------------------+
; Parameter Name ; Value ; Type                                                                                                      ;
+----------------+-------+-----------------------------------------------------------------------------------------------------------+
; data_width     ; 16    ; Signed Integer                                                                                            ;
+----------------+-------+-----------------------------------------------------------------------------------------------------------+
Note: In order to hide this table in the UI and the text report file, please set the "Show Parameter Settings in Synthesis Report" option in "Analysis and Synthesis Settings -> More Settings" to "Off".


+------------------------------------------------------------------------------+
; Port Connectivity Checks: "System:dut|GCD_datapath:data|comparer:comparator" ;
+------+-------+----------+----------------------------------------------------+
; Port ; Type  ; Severity ; Details                                            ;
+------+-------+----------+----------------------------------------------------+
; a    ; Input ; Info     ; Stuck at GND                                       ;
+------+-------+----------+----------------------------------------------------+


+---------------------------------------------------------------------------------------------------------------------------------------------+
; Port Connectivity Checks: "System:dut|GCD_datapath:data|unsigned_divider:divider|datapath:datap|sixteenBitSubtract:subtract|bitAdder:add15" ;
+------+--------+----------+------------------------------------------------------------------------------------------------------------------+
; Port ; Type   ; Severity ; Details                                                                                                          ;
+------+--------+----------+------------------------------------------------------------------------------------------------------------------+
; cout ; Output ; Info     ; Connected to dangling logic. Logic that only feeds a dangling port will be removed.                              ;
+------+--------+----------+------------------------------------------------------------------------------------------------------------------+


+--------------------------------------------------------------------------------------------------------------------------------------------+
; Port Connectivity Checks: "System:dut|GCD_datapath:data|unsigned_divider:divider|datapath:datap|sixteenBitSubtract:subtract|bitAdder:add0" ;
+------+-------+----------+------------------------------------------------------------------------------------------------------------------+
; Port ; Type  ; Severity ; Details                                                                                                          ;
+------+-------+----------+------------------------------------------------------------------------------------------------------------------+
; cin  ; Input ; Info     ; Stuck at VCC                                                                                                     ;
+------+-------+----------+------------------------------------------------------------------------------------------------------------------+


+-------------------------------------------------------------------------------------------------------------------------+
; Port Connectivity Checks: "System:dut|GCD_datapath:data|unsigned_divider:divider"                                       ;
+---------------+--------+----------+-------------------------------------------------------------------------------------+
; Port          ; Type   ; Severity ; Details                                                                             ;
+---------------+--------+----------+-------------------------------------------------------------------------------------+
; divider_ready ; Output ; Info     ; Connected to dangling logic. Logic that only feeds a dangling port will be removed. ;
; quotient      ; Output ; Info     ; Connected to dangling logic. Logic that only feeds a dangling port will be removed. ;
+---------------+--------+----------+-------------------------------------------------------------------------------------+


+----------------------------------------------------------------------------------------------------------------+
; Port Connectivity Checks: "System:dut"                                                                         ;
+------+--------+----------+-------------------------------------------------------------------------------------+
; Port ; Type   ; Severity ; Details                                                                             ;
+------+--------+----------+-------------------------------------------------------------------------------------+
; done ; Output ; Info     ; Connected to dangling logic. Logic that only feeds a dangling port will be removed. ;
; srdy ; Output ; Info     ; Connected to dangling logic. Logic that only feeds a dangling port will be removed. ;
+------+--------+----------+-------------------------------------------------------------------------------------+


+----------------------------------------------------------------------------------------------------------------+
; Port Connectivity Checks: "Scan_Chain:scan_instance|Scan_Reg:Out_Reg"                                          ;
+------+--------+----------+-------------------------------------------------------------------------------------+
; Port ; Type   ; Severity ; Details                                                                             ;
+------+--------+----------+-------------------------------------------------------------------------------------+
; po   ; Output ; Info     ; Connected to dangling logic. Logic that only feeds a dangling port will be removed. ;
+------+--------+----------+-------------------------------------------------------------------------------------+


+----------------------------------------------------------------------+
; Port Connectivity Checks: "Scan_Chain:scan_instance|Scan_Reg:In_Reg" ;
+------+-------+----------+--------------------------------------------+
; Port ; Type  ; Severity ; Details                                    ;
+------+-------+----------+--------------------------------------------+
; pi   ; Input ; Info     ; Stuck at GND                               ;
+------+-------+----------+--------------------------------------------+


+-------------------------------+
; Analysis & Synthesis Messages ;
+-------------------------------+
Info: *******************************************************************
Info: Running Quartus Prime Analysis & Synthesis
    Info: Version 16.1.0 Build 196 10/24/2016 SJ Lite Edition
    Info: Processing started: Mon Apr 10 14:57:58 2017
Info: Command: quartus_map --read_settings_files=on --write_settings_files=off GCD_ScanChain -c TopLevel
Warning (18236): Number of processors has not been specified which may cause overloading on shared machines.  Set the global assignment NUM_PARALLEL_PROCESSORS in your QSF to an appropriate value for best performance.
Info (20030): Parallel compilation is enabled and will use 4 of the 4 processors detected
Info (12021): Found 2 design units, including 1 entities, in source file /home/dhruv-shah/Desktop/IIT Bombay 2015-19/Sem 4/EE214/EE214 - Experiment 8/Reference/GCD/unsigned_divider.vhd
    Info (12022): Found design unit 1: unsigned_divider-Behave File: /home/dhruv-shah/Desktop/IIT Bombay 2015-19/Sem 4/EE214/EE214 - Experiment 8/Reference/GCD/unsigned_divider.vhd Line: 25
    Info (12023): Found entity 1: unsigned_divider File: /home/dhruv-shah/Desktop/IIT Bombay 2015-19/Sem 4/EE214/EE214 - Experiment 8/Reference/GCD/unsigned_divider.vhd Line: 7
Info (12021): Found 2 design units, including 1 entities, in source file /home/dhruv-shah/Desktop/IIT Bombay 2015-19/Sem 4/EE214/EE214 - Experiment 8/Reference/GCD/TopLevel.vhdl
    Info (12022): Found design unit 1: TopLevel-Struct File: /home/dhruv-shah/Desktop/IIT Bombay 2015-19/Sem 4/EE214/EE214 - Experiment 8/Reference/GCD/TopLevel.vhdl Line: 21
    Info (12023): Found entity 1: TopLevel File: /home/dhruv-shah/Desktop/IIT Bombay 2015-19/Sem 4/EE214/EE214 - Experiment 8/Reference/GCD/TopLevel.vhdl Line: 11
Info (12021): Found 1 design units, including 0 entities, in source file /home/dhruv-shah/Desktop/IIT Bombay 2015-19/Sem 4/EE214/EE214 - Experiment 8/Reference/GCD/thepackage.vhd
    Info (12022): Found design unit 1: thepackage File: /home/dhruv-shah/Desktop/IIT Bombay 2015-19/Sem 4/EE214/EE214 - Experiment 8/Reference/GCD/thepackage.vhd Line: 5
Info (12021): Found 2 design units, including 1 entities, in source file /home/dhruv-shah/Desktop/IIT Bombay 2015-19/Sem 4/EE214/EE214 - Experiment 8/Reference/GCD/System.vhd
    Info (12022): Found design unit 1: System-behave File: /home/dhruv-shah/Desktop/IIT Bombay 2015-19/Sem 4/EE214/EE214 - Experiment 8/Reference/GCD/System.vhd Line: 17
    Info (12023): Found entity 1: System File: /home/dhruv-shah/Desktop/IIT Bombay 2015-19/Sem 4/EE214/EE214 - Experiment 8/Reference/GCD/System.vhd Line: 6
Info (12021): Found 2 design units, including 1 entities, in source file /home/dhruv-shah/Desktop/IIT Bombay 2015-19/Sem 4/EE214/EE214 - Experiment 8/Reference/GCD/sixteenBitSubtract.vhd
    Info (12022): Found design unit 1: sixteenBitSubtract-basic File: /home/dhruv-shah/Desktop/IIT Bombay 2015-19/Sem 4/EE214/EE214 - Experiment 8/Reference/GCD/sixteenBitSubtract.vhd Line: 11
    Info (12023): Found entity 1: sixteenBitSubtract File: /home/dhruv-shah/Desktop/IIT Bombay 2015-19/Sem 4/EE214/EE214 - Experiment 8/Reference/GCD/sixteenBitSubtract.vhd Line: 7
Info (12021): Found 2 design units, including 1 entities, in source file /home/dhruv-shah/Desktop/IIT Bombay 2015-19/Sem 4/EE214/EE214 - Experiment 8/Reference/GCD/scan_reg.vhdl
    Info (12022): Found design unit 1: Scan_Reg-behave File: /home/dhruv-shah/Desktop/IIT Bombay 2015-19/Sem 4/EE214/EE214 - Experiment 8/Reference/GCD/scan_reg.vhdl Line: 26
    Info (12023): Found entity 1: Scan_Reg File: /home/dhruv-shah/Desktop/IIT Bombay 2015-19/Sem 4/EE214/EE214 - Experiment 8/Reference/GCD/scan_reg.vhdl Line: 10
Info (12021): Found 2 design units, including 1 entities, in source file /home/dhruv-shah/Desktop/IIT Bombay 2015-19/Sem 4/EE214/EE214 - Experiment 8/Reference/GCD/scan_chain.vhdl
    Info (12022): Found design unit 1: Scan_Chain-behave File: /home/dhruv-shah/Desktop/IIT Bombay 2015-19/Sem 4/EE214/EE214 - Experiment 8/Reference/GCD/scan_chain.vhdl Line: 26
    Info (12023): Found entity 1: Scan_Chain File: /home/dhruv-shah/Desktop/IIT Bombay 2015-19/Sem 4/EE214/EE214 - Experiment 8/Reference/GCD/scan_chain.vhdl Line: 10
Info (12021): Found 2 design units, including 0 entities, in source file /home/dhruv-shah/Desktop/IIT Bombay 2015-19/Sem 4/EE214/EE214 - Experiment 8/Reference/GCD/logic_textio.vhd
    Info (12022): Found design unit 1: STD_LOGIC_TEXTIO File: /home/dhruv-shah/Desktop/IIT Bombay 2015-19/Sem 4/EE214/EE214 - Experiment 8/Reference/GCD/logic_textio.vhd Line: 23
    Info (12022): Found design unit 2: STD_LOGIC_TEXTIO-body File: /home/dhruv-shah/Desktop/IIT Bombay 2015-19/Sem 4/EE214/EE214 - Experiment 8/Reference/GCD/logic_textio.vhd Line: 71
Info (12021): Found 2 design units, including 1 entities, in source file /home/dhruv-shah/Desktop/IIT Bombay 2015-19/Sem 4/EE214/EE214 - Experiment 8/Reference/GCD/GCD_datapath.vhd
    Info (12022): Found design unit 1: GCD_datapath-Mixed File: /home/dhruv-shah/Desktop/IIT Bombay 2015-19/Sem 4/EE214/EE214 - Experiment 8/Reference/GCD/GCD_datapath.vhd Line: 17
    Info (12023): Found entity 1: GCD_datapath File: /home/dhruv-shah/Desktop/IIT Bombay 2015-19/Sem 4/EE214/EE214 - Experiment 8/Reference/GCD/GCD_datapath.vhd Line: 7
Info (12021): Found 2 design units, including 1 entities, in source file /home/dhruv-shah/Desktop/IIT Bombay 2015-19/Sem 4/EE214/EE214 - Experiment 8/Reference/GCD/GCD_controlpath.vhd
    Info (12022): Found design unit 1: GCD_controlpath-Behave File: /home/dhruv-shah/Desktop/IIT Bombay 2015-19/Sem 4/EE214/EE214 - Experiment 8/Reference/GCD/GCD_controlpath.vhd Line: 19
    Info (12023): Found entity 1: GCD_controlpath File: /home/dhruv-shah/Desktop/IIT Bombay 2015-19/Sem 4/EE214/EE214 - Experiment 8/Reference/GCD/GCD_controlpath.vhd Line: 7
Info (12021): Found 2 design units, including 1 entities, in source file /home/dhruv-shah/Desktop/IIT Bombay 2015-19/Sem 4/EE214/EE214 - Experiment 8/Reference/GCD/dataregister.vhd
    Info (12022): Found design unit 1: dataregister-Behave File: /home/dhruv-shah/Desktop/IIT Bombay 2015-19/Sem 4/EE214/EE214 - Experiment 8/Reference/GCD/dataregister.vhd Line: 12
    Info (12023): Found entity 1: dataregister File: /home/dhruv-shah/Desktop/IIT Bombay 2015-19/Sem 4/EE214/EE214 - Experiment 8/Reference/GCD/dataregister.vhd Line: 6
Info (12021): Found 2 design units, including 1 entities, in source file /home/dhruv-shah/Desktop/IIT Bombay 2015-19/Sem 4/EE214/EE214 - Experiment 8/Reference/GCD/datapath.vhd
    Info (12022): Found design unit 1: datapath-Mixed File: /home/dhruv-shah/Desktop/IIT Bombay 2015-19/Sem 4/EE214/EE214 - Experiment 8/Reference/GCD/datapath.vhd Line: 16
    Info (12023): Found entity 1: datapath File: /home/dhruv-shah/Desktop/IIT Bombay 2015-19/Sem 4/EE214/EE214 - Experiment 8/Reference/GCD/datapath.vhd Line: 6
Info (12021): Found 2 design units, including 1 entities, in source file /home/dhruv-shah/Desktop/IIT Bombay 2015-19/Sem 4/EE214/EE214 - Experiment 8/Reference/GCD/controlpath.vhd
    Info (12022): Found design unit 1: controlpath-Behave File: /home/dhruv-shah/Desktop/IIT Bombay 2015-19/Sem 4/EE214/EE214 - Experiment 8/Reference/GCD/controlpath.vhd Line: 17
    Info (12023): Found entity 1: controlpath File: /home/dhruv-shah/Desktop/IIT Bombay 2015-19/Sem 4/EE214/EE214 - Experiment 8/Reference/GCD/controlpath.vhd Line: 7
Info (12021): Found 2 design units, including 1 entities, in source file /home/dhruv-shah/Desktop/IIT Bombay 2015-19/Sem 4/EE214/EE214 - Experiment 8/Reference/GCD/comparer.vhd
    Info (12022): Found design unit 1: comparer-behave File: /home/dhruv-shah/Desktop/IIT Bombay 2015-19/Sem 4/EE214/EE214 - Experiment 8/Reference/GCD/comparer.vhd Line: 12
    Info (12023): Found entity 1: comparer File: /home/dhruv-shah/Desktop/IIT Bombay 2015-19/Sem 4/EE214/EE214 - Experiment 8/Reference/GCD/comparer.vhd Line: 7
Info (12021): Found 2 design units, including 1 entities, in source file /home/dhruv-shah/Desktop/IIT Bombay 2015-19/Sem 4/EE214/EE214 - Experiment 8/Reference/GCD/bitAdder.vhd
    Info (12022): Found design unit 1: bitAdder-simple File: /home/dhruv-shah/Desktop/IIT Bombay 2015-19/Sem 4/EE214/EE214 - Experiment 8/Reference/GCD/bitAdder.vhd Line: 9
    Info (12023): Found entity 1: bitAdder File: /home/dhruv-shah/Desktop/IIT Bombay 2015-19/Sem 4/EE214/EE214 - Experiment 8/Reference/GCD/bitAdder.vhd Line: 5
Info (12127): Elaborating entity "TopLevel" for the top level hierarchy
Warning (10036): Verilog HDL or VHDL warning at TopLevel.vhdl(51): object "done" assigned a value but never read File: /home/dhruv-shah/Desktop/IIT Bombay 2015-19/Sem 4/EE214/EE214 - Experiment 8/Reference/GCD/TopLevel.vhdl Line: 51
Warning (10036): Verilog HDL or VHDL warning at TopLevel.vhdl(51): object "srdy" assigned a value but never read File: /home/dhruv-shah/Desktop/IIT Bombay 2015-19/Sem 4/EE214/EE214 - Experiment 8/Reference/GCD/TopLevel.vhdl Line: 51
Info (12128): Elaborating entity "Scan_Chain" for hierarchy "Scan_Chain:scan_instance" File: /home/dhruv-shah/Desktop/IIT Bombay 2015-19/Sem 4/EE214/EE214 - Experiment 8/Reference/GCD/TopLevel.vhdl Line: 56
Warning (10036): Verilog HDL or VHDL warning at scan_chain.vhdl(46): object "unused" assigned a value but never read File: /home/dhruv-shah/Desktop/IIT Bombay 2015-19/Sem 4/EE214/EE214 - Experiment 8/Reference/GCD/scan_chain.vhdl Line: 46
Info (12128): Elaborating entity "Scan_Reg" for hierarchy "Scan_Chain:scan_instance|Scan_Reg:In_Reg" File: /home/dhruv-shah/Desktop/IIT Bombay 2015-19/Sem 4/EE214/EE214 - Experiment 8/Reference/GCD/scan_chain.vhdl Line: 53
Info (12128): Elaborating entity "Scan_Reg" for hierarchy "Scan_Chain:scan_instance|Scan_Reg:Out_Reg" File: /home/dhruv-shah/Desktop/IIT Bombay 2015-19/Sem 4/EE214/EE214 - Experiment 8/Reference/GCD/scan_chain.vhdl Line: 55
Info (12128): Elaborating entity "System" for hierarchy "System:dut" File: /home/dhruv-shah/Desktop/IIT Bombay 2015-19/Sem 4/EE214/EE214 - Experiment 8/Reference/GCD/TopLevel.vhdl Line: 66
Info (12128): Elaborating entity "GCD_controlpath" for hierarchy "System:dut|GCD_controlpath:control" File: /home/dhruv-shah/Desktop/IIT Bombay 2015-19/Sem 4/EE214/EE214 - Experiment 8/Reference/GCD/System.vhd Line: 21
Warning (10492): VHDL Process Statement warning at GCD_controlpath.vhd(44): signal "erdy" is read inside the Process Statement but isn't in the Process Statement's sensitivity list File: /home/dhruv-shah/Desktop/IIT Bombay 2015-19/Sem 4/EE214/EE214 - Experiment 8/Reference/GCD/GCD_controlpath.vhd Line: 44
Warning (10492): VHDL Process Statement warning at GCD_controlpath.vhd(53): signal "count_var" is read inside the Process Statement but isn't in the Process Statement's sensitivity list File: /home/dhruv-shah/Desktop/IIT Bombay 2015-19/Sem 4/EE214/EE214 - Experiment 8/Reference/GCD/GCD_controlpath.vhd Line: 53
Warning (10492): VHDL Process Statement warning at GCD_controlpath.vhd(55): signal "erdy" is read inside the Process Statement but isn't in the Process Statement's sensitivity list File: /home/dhruv-shah/Desktop/IIT Bombay 2015-19/Sem 4/EE214/EE214 - Experiment 8/Reference/GCD/GCD_controlpath.vhd Line: 55
Warning (10492): VHDL Process Statement warning at GCD_controlpath.vhd(65): signal "divDone" is read inside the Process Statement but isn't in the Process Statement's sensitivity list File: /home/dhruv-shah/Desktop/IIT Bombay 2015-19/Sem 4/EE214/EE214 - Experiment 8/Reference/GCD/GCD_controlpath.vhd Line: 65
Warning (10492): VHDL Process Statement warning at GCD_controlpath.vhd(71): signal "compareDone" is read inside the Process Statement but isn't in the Process Statement's sensitivity list File: /home/dhruv-shah/Desktop/IIT Bombay 2015-19/Sem 4/EE214/EE214 - Experiment 8/Reference/GCD/GCD_controlpath.vhd Line: 71
Info (12128): Elaborating entity "GCD_datapath" for hierarchy "System:dut|GCD_datapath:data" File: /home/dhruv-shah/Desktop/IIT Bombay 2015-19/Sem 4/EE214/EE214 - Experiment 8/Reference/GCD/System.vhd Line: 24
Warning (10036): Verilog HDL or VHDL warning at GCD_datapath.vhd(20): object "QREG" assigned a value but never read File: /home/dhruv-shah/Desktop/IIT Bombay 2015-19/Sem 4/EE214/EE214 - Experiment 8/Reference/GCD/GCD_datapath.vhd Line: 20
Warning (10036): Verilog HDL or VHDL warning at GCD_datapath.vhd(29): object "random" assigned a value but never read File: /home/dhruv-shah/Desktop/IIT Bombay 2015-19/Sem 4/EE214/EE214 - Experiment 8/Reference/GCD/GCD_datapath.vhd Line: 29
Info (12128): Elaborating entity "dataregister" for hierarchy "System:dut|GCD_datapath:data|dataregister:dr1" File: /home/dhruv-shah/Desktop/IIT Bombay 2015-19/Sem 4/EE214/EE214 - Experiment 8/Reference/GCD/GCD_datapath.vhd Line: 39
Info (12128): Elaborating entity "dataregister" for hierarchy "System:dut|GCD_datapath:data|dataregister:dr5" File: /home/dhruv-shah/Desktop/IIT Bombay 2015-19/Sem 4/EE214/EE214 - Experiment 8/Reference/GCD/GCD_datapath.vhd Line: 46
Info (12128): Elaborating entity "unsigned_divider" for hierarchy "System:dut|GCD_datapath:data|unsigned_divider:divider" File: /home/dhruv-shah/Desktop/IIT Bombay 2015-19/Sem 4/EE214/EE214 - Experiment 8/Reference/GCD/GCD_datapath.vhd Line: 51
Warning (10540): VHDL Signal Declaration warning at unsigned_divider.vhd(29): used explicit default value for signal "random" because signal was never assigned a value File: /home/dhruv-shah/Desktop/IIT Bombay 2015-19/Sem 4/EE214/EE214 - Experiment 8/Reference/GCD/unsigned_divider.vhd Line: 29
Info (12128): Elaborating entity "controlpath" for hierarchy "System:dut|GCD_datapath:data|unsigned_divider:divider|controlpath:control" File: /home/dhruv-shah/Desktop/IIT Bombay 2015-19/Sem 4/EE214/EE214 - Experiment 8/Reference/GCD/unsigned_divider.vhd Line: 32
Info (12128): Elaborating entity "datapath" for hierarchy "System:dut|GCD_datapath:data|unsigned_divider:divider|datapath:datap" File: /home/dhruv-shah/Desktop/IIT Bombay 2015-19/Sem 4/EE214/EE214 - Experiment 8/Reference/GCD/unsigned_divider.vhd Line: 35
Info (12128): Elaborating entity "sixteenBitSubtract" for hierarchy "System:dut|GCD_datapath:data|unsigned_divider:divider|datapath:datap|sixteenBitSubtract:subtract" File: /home/dhruv-shah/Desktop/IIT Bombay 2015-19/Sem 4/EE214/EE214 - Experiment 8/Reference/GCD/datapath.vhd Line: 53
Info (12128): Elaborating entity "bitAdder" for hierarchy "System:dut|GCD_datapath:data|unsigned_divider:divider|datapath:datap|sixteenBitSubtract:subtract|bitAdder:add0" File: /home/dhruv-shah/Desktop/IIT Bombay 2015-19/Sem 4/EE214/EE214 - Experiment 8/Reference/GCD/sixteenBitSubtract.vhd Line: 17
Info (12128): Elaborating entity "comparer" for hierarchy "System:dut|GCD_datapath:data|unsigned_divider:divider|datapath:datap|comparer:comparator" File: /home/dhruv-shah/Desktop/IIT Bombay 2015-19/Sem 4/EE214/EE214 - Experiment 8/Reference/GCD/datapath.vhd Line: 54
Info (21057): Implemented 239 device resources after synthesis - the final resource count might be different
    Info (21058): Implemented 4 input pins
    Info (21059): Implemented 1 output pins
    Info (21061): Implemented 234 logic cells
Info: Quartus Prime Analysis & Synthesis was successful. 0 errors, 12 warnings
    Info: Peak virtual memory: 942 megabytes
    Info: Processing ended: Mon Apr 10 14:58:27 2017
    Info: Elapsed time: 00:00:29
    Info: Total CPU time (on all processors): 00:01:01


