Analysis & Synthesis report for DUT
Fri Mar 10 14:31:22 2017
Quartus Prime Version 16.1.0 Build 196 10/24/2016 SJ Lite Edition


---------------------
; Table of Contents ;
---------------------
  1. Legal Notice
  2. Analysis & Synthesis Summary
  3. Analysis & Synthesis Settings
  4. Parallel Compilation
  5. Analysis & Synthesis Source Files Read
  6. Analysis & Synthesis Resource Usage Summary
  7. Analysis & Synthesis Resource Utilization by Entity
  8. Logic Cells Representing Combinational Loops
  9. General Register Statistics
 10. Port Connectivity Checks: "terrorist:T|INVERTER:INV11"
 11. Port Connectivity Checks: "terrorist:T|INVERTER:INV9"
 12. Port Connectivity Checks: "terrorist:T|INVERTER:INV8"
 13. Port Connectivity Checks: "knife_hurler:K|INVERTER:INV11"
 14. Port Connectivity Checks: "knife_hurler:K|INVERTER:INV9"
 15. Port Connectivity Checks: "knife_hurler:K|INVERTER:INV8"
 16. Port Connectivity Checks: "gunman:G|INVERTER:INV7"
 17. Port Connectivity Checks: "gunman:G|INVERTER:INV2"
 18. Port Connectivity Checks: "bomber:B|INVERTER:INV5"
 19. Analysis & Synthesis Messages



----------------
; Legal Notice ;
----------------
Copyright (C) 2016  Intel Corporation. All rights reserved.
Your use of Intel Corporation's design tools, logic functions 
and other software and tools, and its AMPP partner logic 
functions, and any output files from any of the foregoing 
(including device programming or simulation files), and any 
associated documentation or information are expressly subject 
to the terms and conditions of the Intel Program License 
Subscription Agreement, the Intel Quartus Prime License Agreement,
the Intel MegaCore Function License Agreement, or other 
applicable license agreement, including, without limitation, 
that your use is for the sole purpose of programming logic 
devices manufactured by Intel and sold by Intel or its 
authorized distributors.  Please refer to the applicable 
agreement for further details.



+---------------------------------------------------------------------------+
; Analysis & Synthesis Summary                                              ;
+-----------------------------+---------------------------------------------+
; Analysis & Synthesis Status ; Successful - Fri Mar 10 14:31:22 2017       ;
; Quartus Prime Version       ; 16.1.0 Build 196 10/24/2016 SJ Lite Edition ;
; Revision Name               ; DUT                                         ;
; Top-level Entity Name       ; DUT                                         ;
; Family                      ; MAX V                                       ;
; Total logic elements        ; 51                                          ;
; Total pins                  ; 8                                           ;
; Total virtual pins          ; 0                                           ;
; UFM blocks                  ; 0 / 1 ( 0 % )                               ;
+-----------------------------+---------------------------------------------+


+----------------------------------------------------------------------------------------------------------------------+
; Analysis & Synthesis Settings                                                                                        ;
+----------------------------------------------------------------------------+--------------------+--------------------+
; Option                                                                     ; Setting            ; Default Value      ;
+----------------------------------------------------------------------------+--------------------+--------------------+
; Device                                                                     ; 5M1270ZT144C5      ;                    ;
; Top-level entity name                                                      ; DUT                ; DUT                ;
; Family name                                                                ; MAX V              ; Cyclone V          ;
; Use smart compilation                                                      ; Off                ; Off                ;
; Enable parallel Assembler and TimeQuest Timing Analyzer during compilation ; On                 ; On                 ;
; Enable compact report table                                                ; Off                ; Off                ;
; Restructure Multiplexers                                                   ; Auto               ; Auto               ;
; Create Debugging Nodes for IP Cores                                        ; Off                ; Off                ;
; Preserve fewer node names                                                  ; On                 ; On                 ;
; OpenCore Plus hardware evaluation                                          ; Enable             ; Enable             ;
; Verilog Version                                                            ; Verilog_2001       ; Verilog_2001       ;
; VHDL Version                                                               ; VHDL_1993          ; VHDL_1993          ;
; State Machine Processing                                                   ; Auto               ; Auto               ;
; Safe State Machine                                                         ; Off                ; Off                ;
; Extract Verilog State Machines                                             ; On                 ; On                 ;
; Extract VHDL State Machines                                                ; On                 ; On                 ;
; Ignore Verilog initial constructs                                          ; Off                ; Off                ;
; Iteration limit for constant Verilog loops                                 ; 5000               ; 5000               ;
; Iteration limit for non-constant Verilog loops                             ; 250                ; 250                ;
; Add Pass-Through Logic to Inferred RAMs                                    ; On                 ; On                 ;
; Infer RAMs from Raw Logic                                                  ; On                 ; On                 ;
; Parallel Synthesis                                                         ; On                 ; On                 ;
; NOT Gate Push-Back                                                         ; On                 ; On                 ;
; Power-Up Don't Care                                                        ; On                 ; On                 ;
; Remove Redundant Logic Cells                                               ; Off                ; Off                ;
; Remove Duplicate Registers                                                 ; On                 ; On                 ;
; Ignore CARRY Buffers                                                       ; Off                ; Off                ;
; Ignore CASCADE Buffers                                                     ; Off                ; Off                ;
; Ignore GLOBAL Buffers                                                      ; Off                ; Off                ;
; Ignore ROW GLOBAL Buffers                                                  ; Off                ; Off                ;
; Ignore LCELL Buffers                                                       ; Off                ; Off                ;
; Ignore SOFT Buffers                                                        ; On                 ; On                 ;
; Limit AHDL Integers to 32 Bits                                             ; Off                ; Off                ;
; Optimization Technique                                                     ; Balanced           ; Balanced           ;
; Carry Chain Length                                                         ; 70                 ; 70                 ;
; Auto Carry Chains                                                          ; On                 ; On                 ;
; Auto Open-Drain Pins                                                       ; On                 ; On                 ;
; Perform WYSIWYG Primitive Resynthesis                                      ; Off                ; Off                ;
; Auto Shift Register Replacement                                            ; Auto               ; Auto               ;
; Allow Shift Register Merging across Hierarchies                            ; Auto               ; Auto               ;
; Auto Clock Enable Replacement                                              ; On                 ; On                 ;
; Allow Synchronous Control Signals                                          ; On                 ; On                 ;
; Force Use of Synchronous Clear Signals                                     ; Off                ; Off                ;
; Auto Resource Sharing                                                      ; Off                ; Off                ;
; Use LogicLock Constraints during Resource Balancing                        ; On                 ; On                 ;
; Ignore translate_off and synthesis_off directives                          ; Off                ; Off                ;
; Report Parameter Settings                                                  ; On                 ; On                 ;
; Report Source Assignments                                                  ; On                 ; On                 ;
; Report Connectivity Checks                                                 ; On                 ; On                 ;
; Ignore Maximum Fan-Out Assignments                                         ; Off                ; Off                ;
; Synchronization Register Chain Length                                      ; 2                  ; 2                  ;
; PowerPlay Power Optimization During Synthesis                              ; Normal compilation ; Normal compilation ;
; HDL message level                                                          ; Level2             ; Level2             ;
; Suppress Register Optimization Related Messages                            ; Off                ; Off                ;
; Number of Removed Registers Reported in Synthesis Report                   ; 5000               ; 5000               ;
; Number of Swept Nodes Reported in Synthesis Report                         ; 5000               ; 5000               ;
; Number of Inverted Registers Reported in Synthesis Report                  ; 100                ; 100                ;
; Clock MUX Protection                                                       ; On                 ; On                 ;
; Block Design Naming                                                        ; Auto               ; Auto               ;
; Synthesis Effort                                                           ; Auto               ; Auto               ;
; Shift Register Replacement - Allow Asynchronous Clear Signal               ; On                 ; On                 ;
; Analysis & Synthesis Message Level                                         ; Medium             ; Medium             ;
; Disable Register Merging Across Hierarchies                                ; Auto               ; Auto               ;
+----------------------------------------------------------------------------+--------------------+--------------------+


+------------------------------------------+
; Parallel Compilation                     ;
+----------------------------+-------------+
; Processors                 ; Number      ;
+----------------------------+-------------+
; Number detected on machine ; 4           ;
; Maximum allowed            ; 4           ;
;                            ;             ;
; Average used               ; 1.00        ;
; Maximum used               ; 1           ;
;                            ;             ;
; Usage by Processor         ; % Time Used ;
;     Processor 1            ; 100.0%      ;
+----------------------------+-------------+


+---------------------------------------------------------------------------------------------------------------------------------------------------------------------------------------------------------------------------------+
; Analysis & Synthesis Source Files Read                                                                                                                                                                                          ;
+----------------------------------------------------------------+-----------------+-----------------+------------------------------------------------------------------------------------------------------------------+---------+
; File Name with User-Entered Path                               ; Used in Netlist ; File Type       ; File Name with Absolute Path                                                                                     ; Library ;
+----------------------------------------------------------------+-----------------+-----------------+------------------------------------------------------------------------------------------------------------------+---------+
; ../../EE214 - Experiment 6/String Detector/terror_detector.vhd ; yes             ; User VHDL File  ; /home/dhruv-shah/Desktop/IIT Bombay 2015-19/Sem 4/EE214/EE214 - Experiment 6/String Detector/terror_detector.vhd ;         ;
; ../../EE214 - Experiment 6/String Detector/knife_detector.vhd  ; yes             ; User VHDL File  ; /home/dhruv-shah/Desktop/IIT Bombay 2015-19/Sem 4/EE214/EE214 - Experiment 6/String Detector/knife_detector.vhd  ;         ;
; ../../EE214 - Experiment 6/String Detector/gun_detector.vhd    ; yes             ; User VHDL File  ; /home/dhruv-shah/Desktop/IIT Bombay 2015-19/Sem 4/EE214/EE214 - Experiment 6/String Detector/gun_detector.vhd    ;         ;
; ../../EE214 - Experiment 6/String Detector/EE224.vhd           ; yes             ; User VHDL File  ; /home/dhruv-shah/Desktop/IIT Bombay 2015-19/Sem 4/EE214/EE214 - Experiment 6/String Detector/EE224.vhd           ;         ;
; ../../EE214 - Experiment 6/String Detector/DUT.vhd             ; yes             ; User VHDL File  ; /home/dhruv-shah/Desktop/IIT Bombay 2015-19/Sem 4/EE214/EE214 - Experiment 6/String Detector/DUT.vhd             ;         ;
; ../../EE214 - Experiment 6/String Detector/bomb_detector.vhd   ; yes             ; User VHDL File  ; /home/dhruv-shah/Desktop/IIT Bombay 2015-19/Sem 4/EE214/EE214 - Experiment 6/String Detector/bomb_detector.vhd   ;         ;
+----------------------------------------------------------------+-----------------+-----------------+------------------------------------------------------------------------------------------------------------------+---------+


+---------------------------------------------------------------+
; Analysis & Synthesis Resource Usage Summary                   ;
+---------------------------------------------+-----------------+
; Resource                                    ; Usage           ;
+---------------------------------------------+-----------------+
; Total logic elements                        ; 51              ;
;     -- Combinational with no register       ; 51              ;
;     -- Register only                        ; 0               ;
;     -- Combinational with a register        ; 0               ;
;                                             ;                 ;
; Logic element usage by number of LUT inputs ;                 ;
;     -- 4 input functions                    ; 29              ;
;     -- 3 input functions                    ; 16              ;
;     -- 2 input functions                    ; 6               ;
;     -- 1 input functions                    ; 0               ;
;     -- 0 input functions                    ; 0               ;
;                                             ;                 ;
; Logic elements by mode                      ;                 ;
;     -- normal mode                          ; 51              ;
;     -- arithmetic mode                      ; 0               ;
;     -- qfbk mode                            ; 0               ;
;     -- register cascade mode                ; 0               ;
;     -- synchronous clear/load mode          ; 0               ;
;     -- asynchronous clear/load mode         ; 0               ;
;                                             ;                 ;
; Total registers                             ; 0               ;
; I/O pins                                    ; 8               ;
; Maximum fan-out node                        ; input_vector[5] ;
; Maximum fan-out                             ; 22              ;
; Total fan-out                               ; 177             ;
; Average fan-out                             ; 3.00            ;
+---------------------------------------------+-----------------+


+---------------------------------------------------------------------------------------------------------------------------------------------------------------------------------------------------------------------------------------------------------------------------------+
; Analysis & Synthesis Resource Utilization by Entity                                                                                                                                                                                                                             ;
+------------------------------------+-------------+--------------+------------+------+--------------+--------------+-------------------+------------------+-----------------+------------+-----------------------------------------------------+------------------+--------------+
; Compilation Hierarchy Node         ; Logic Cells ; LC Registers ; UFM Blocks ; Pins ; Virtual Pins ; LUT-Only LCs ; Register-Only LCs ; LUT/Register LCs ; Carry Chain LCs ; Packed LCs ; Full Hierarchy Name                                 ; Entity Name      ; Library Name ;
+------------------------------------+-------------+--------------+------------+------+--------------+--------------+-------------------+------------------+-----------------+------------+-----------------------------------------------------+------------------+--------------+
; |DUT                               ; 51 (4)      ; 0            ; 0          ; 8    ; 0            ; 51 (4)       ; 0 (0)             ; 0 (0)            ; 0 (0)           ; 0 (0)      ; |DUT                                                ; DUT              ; work         ;
;    |bomber:B|                      ; 14 (0)      ; 0            ; 0          ; 0    ; 0            ; 14 (0)       ; 0 (0)             ; 0 (0)            ; 0 (0)           ; 0 (0)      ; |DUT|bomber:B                                       ; bomber           ; work         ;
;       |DFF1:d0|                    ; 4 (0)       ; 0            ; 0          ; 0    ; 0            ; 4 (0)        ; 0 (0)             ; 0 (0)            ; 0 (0)           ; 0 (0)      ; |DUT|bomber:B|DFF1:d0                               ; DFF1             ; work         ;
;          |negative_d_latch:master| ; 3 (3)       ; 0            ; 0          ; 0    ; 0            ; 3 (3)        ; 0 (0)             ; 0 (0)            ; 0 (0)           ; 0 (0)      ; |DUT|bomber:B|DFF1:d0|negative_d_latch:master       ; negative_d_latch ; work         ;
;          |positive_d_latch:slave|  ; 1 (1)       ; 0            ; 0          ; 0    ; 0            ; 1 (1)        ; 0 (0)             ; 0 (0)            ; 0 (0)           ; 0 (0)      ; |DUT|bomber:B|DFF1:d0|positive_d_latch:slave        ; positive_d_latch ; work         ;
;       |DFFi:d1|                    ; 6 (0)       ; 0            ; 0          ; 0    ; 0            ; 6 (0)        ; 0 (0)             ; 0 (0)            ; 0 (0)           ; 0 (0)      ; |DUT|bomber:B|DFFi:d1                               ; DFFi             ; work         ;
;          |negative_d_latch:master| ; 5 (5)       ; 0            ; 0          ; 0    ; 0            ; 5 (5)        ; 0 (0)             ; 0 (0)            ; 0 (0)           ; 0 (0)      ; |DUT|bomber:B|DFFi:d1|negative_d_latch:master       ; negative_d_latch ; work         ;
;          |positive_d_latch:slave|  ; 1 (1)       ; 0            ; 0          ; 0    ; 0            ; 1 (1)        ; 0 (0)             ; 0 (0)            ; 0 (0)           ; 0 (0)      ; |DUT|bomber:B|DFFi:d1|positive_d_latch:slave        ; positive_d_latch ; work         ;
;       |andi2:A13|                  ; 2 (2)       ; 0            ; 0          ; 0    ; 0            ; 2 (2)        ; 0 (0)             ; 0 (0)            ; 0 (0)           ; 0 (0)      ; |DUT|bomber:B|andi2:A13                             ; andi2            ; work         ;
;       |andi5:A5b|                  ; 2 (0)       ; 0            ; 0          ; 0    ; 0            ; 2 (0)        ; 0 (0)             ; 0 (0)            ; 0 (0)           ; 0 (0)      ; |DUT|bomber:B|andi5:A5b                             ; andi5            ; work         ;
;          |andi2:AA4|               ; 2 (2)       ; 0            ; 0          ; 0    ; 0            ; 2 (2)        ; 0 (0)             ; 0 (0)            ; 0 (0)           ; 0 (0)      ; |DUT|bomber:B|andi5:A5b|andi2:AA4                   ; andi2            ; work         ;
;    |gunman:G|                      ; 15 (0)      ; 0            ; 0          ; 0    ; 0            ; 15 (0)       ; 0 (0)             ; 0 (0)            ; 0 (0)           ; 0 (0)      ; |DUT|gunman:G                                       ; gunman           ; work         ;
;       |DFFi:d0|                    ; 8 (0)       ; 0            ; 0          ; 0    ; 0            ; 8 (0)        ; 0 (0)             ; 0 (0)            ; 0 (0)           ; 0 (0)      ; |DUT|gunman:G|DFFi:d0                               ; DFFi             ; work         ;
;          |negative_d_latch:master| ; 6 (6)       ; 0            ; 0          ; 0    ; 0            ; 6 (6)        ; 0 (0)             ; 0 (0)            ; 0 (0)           ; 0 (0)      ; |DUT|gunman:G|DFFi:d0|negative_d_latch:master       ; negative_d_latch ; work         ;
;          |positive_d_latch:slave|  ; 2 (2)       ; 0            ; 0          ; 0    ; 0            ; 2 (2)        ; 0 (0)             ; 0 (0)            ; 0 (0)           ; 0 (0)      ; |DUT|gunman:G|DFFi:d0|positive_d_latch:slave        ; positive_d_latch ; work         ;
;       |DFFi:d1|                    ; 4 (0)       ; 0            ; 0          ; 0    ; 0            ; 4 (0)        ; 0 (0)             ; 0 (0)            ; 0 (0)           ; 0 (0)      ; |DUT|gunman:G|DFFi:d1                               ; DFFi             ; work         ;
;          |negative_d_latch:master| ; 3 (3)       ; 0            ; 0          ; 0    ; 0            ; 3 (3)        ; 0 (0)             ; 0 (0)            ; 0 (0)           ; 0 (0)      ; |DUT|gunman:G|DFFi:d1|negative_d_latch:master       ; negative_d_latch ; work         ;
;          |positive_d_latch:slave|  ; 1 (1)       ; 0            ; 0          ; 0    ; 0            ; 1 (1)        ; 0 (0)             ; 0 (0)            ; 0 (0)           ; 0 (0)      ; |DUT|gunman:G|DFFi:d1|positive_d_latch:slave        ; positive_d_latch ; work         ;
;       |andi2:A8|                   ; 1 (1)       ; 0            ; 0          ; 0    ; 0            ; 1 (1)        ; 0 (0)             ; 0 (0)            ; 0 (0)           ; 0 (0)      ; |DUT|gunman:G|andi2:A8                              ; andi2            ; work         ;
;       |andi5:A52|                  ; 1 (0)       ; 0            ; 0          ; 0    ; 0            ; 1 (0)        ; 0 (0)             ; 0 (0)            ; 0 (0)           ; 0 (0)      ; |DUT|gunman:G|andi5:A52                             ; andi5            ; work         ;
;          |andi2:AA4|               ; 1 (1)       ; 0            ; 0          ; 0    ; 0            ; 1 (1)        ; 0 (0)             ; 0 (0)            ; 0 (0)           ; 0 (0)      ; |DUT|gunman:G|andi5:A52|andi2:AA4                   ; andi2            ; work         ;
;       |andi5:A53|                  ; 1 (0)       ; 0            ; 0          ; 0    ; 0            ; 1 (0)        ; 0 (0)             ; 0 (0)            ; 0 (0)           ; 0 (0)      ; |DUT|gunman:G|andi5:A53                             ; andi5            ; work         ;
;          |andi2:AA4|               ; 1 (1)       ; 0            ; 0          ; 0    ; 0            ; 1 (1)        ; 0 (0)             ; 0 (0)            ; 0 (0)           ; 0 (0)      ; |DUT|gunman:G|andi5:A53|andi2:AA4                   ; andi2            ; work         ;
;    |knife_hurler:K|                ; 9 (0)       ; 0            ; 0          ; 0    ; 0            ; 9 (0)        ; 0 (0)             ; 0 (0)            ; 0 (0)           ; 0 (0)      ; |DUT|knife_hurler:K                                 ; knife_hurler     ; work         ;
;       |DFFi:d0|                    ; 4 (0)       ; 0            ; 0          ; 0    ; 0            ; 4 (0)        ; 0 (0)             ; 0 (0)            ; 0 (0)           ; 0 (0)      ; |DUT|knife_hurler:K|DFFi:d0                         ; DFFi             ; work         ;
;          |negative_d_latch:master| ; 3 (3)       ; 0            ; 0          ; 0    ; 0            ; 3 (3)        ; 0 (0)             ; 0 (0)            ; 0 (0)           ; 0 (0)      ; |DUT|knife_hurler:K|DFFi:d0|negative_d_latch:master ; negative_d_latch ; work         ;
;          |positive_d_latch:slave|  ; 1 (1)       ; 0            ; 0          ; 0    ; 0            ; 1 (1)        ; 0 (0)             ; 0 (0)            ; 0 (0)           ; 0 (0)      ; |DUT|knife_hurler:K|DFFi:d0|positive_d_latch:slave  ; positive_d_latch ; work         ;
;       |DFFi:d2|                    ; 4 (0)       ; 0            ; 0          ; 0    ; 0            ; 4 (0)        ; 0 (0)             ; 0 (0)            ; 0 (0)           ; 0 (0)      ; |DUT|knife_hurler:K|DFFi:d2                         ; DFFi             ; work         ;
;          |negative_d_latch:master| ; 3 (3)       ; 0            ; 0          ; 0    ; 0            ; 3 (3)        ; 0 (0)             ; 0 (0)            ; 0 (0)           ; 0 (0)      ; |DUT|knife_hurler:K|DFFi:d2|negative_d_latch:master ; negative_d_latch ; work         ;
;          |positive_d_latch:slave|  ; 1 (1)       ; 0            ; 0          ; 0    ; 0            ; 1 (1)        ; 0 (0)             ; 0 (0)            ; 0 (0)           ; 0 (0)      ; |DUT|knife_hurler:K|DFFi:d2|positive_d_latch:slave  ; positive_d_latch ; work         ;
;       |andi5:A5f|                  ; 1 (0)       ; 0            ; 0          ; 0    ; 0            ; 1 (0)        ; 0 (0)             ; 0 (0)            ; 0 (0)           ; 0 (0)      ; |DUT|knife_hurler:K|andi5:A5f                       ; andi5            ; work         ;
;          |andi2:AA4|               ; 1 (1)       ; 0            ; 0          ; 0    ; 0            ; 1 (1)        ; 0 (0)             ; 0 (0)            ; 0 (0)           ; 0 (0)      ; |DUT|knife_hurler:K|andi5:A5f|andi2:AA4             ; andi2            ; work         ;
;    |terrorist:T|                   ; 9 (0)       ; 0            ; 0          ; 0    ; 0            ; 9 (0)        ; 0 (0)             ; 0 (0)            ; 0 (0)           ; 0 (0)      ; |DUT|terrorist:T                                    ; terrorist        ; work         ;
;       |DFFi:d0|                    ; 5 (0)       ; 0            ; 0          ; 0    ; 0            ; 5 (0)        ; 0 (0)             ; 0 (0)            ; 0 (0)           ; 0 (0)      ; |DUT|terrorist:T|DFFi:d0                            ; DFFi             ; work         ;
;          |negative_d_latch:master| ; 4 (4)       ; 0            ; 0          ; 0    ; 0            ; 4 (4)        ; 0 (0)             ; 0 (0)            ; 0 (0)           ; 0 (0)      ; |DUT|terrorist:T|DFFi:d0|negative_d_latch:master    ; negative_d_latch ; work         ;
;          |positive_d_latch:slave|  ; 1 (1)       ; 0            ; 0          ; 0    ; 0            ; 1 (1)        ; 0 (0)             ; 0 (0)            ; 0 (0)           ; 0 (0)      ; |DUT|terrorist:T|DFFi:d0|positive_d_latch:slave     ; positive_d_latch ; work         ;
;       |DFFi:d2|                    ; 3 (0)       ; 0            ; 0          ; 0    ; 0            ; 3 (0)        ; 0 (0)             ; 0 (0)            ; 0 (0)           ; 0 (0)      ; |DUT|terrorist:T|DFFi:d2                            ; DFFi             ; work         ;
;          |negative_d_latch:master| ; 1 (1)       ; 0            ; 0          ; 0    ; 0            ; 1 (1)        ; 0 (0)             ; 0 (0)            ; 0 (0)           ; 0 (0)      ; |DUT|terrorist:T|DFFi:d2|negative_d_latch:master    ; negative_d_latch ; work         ;
;          |positive_d_latch:slave|  ; 2 (2)       ; 0            ; 0          ; 0    ; 0            ; 2 (2)        ; 0 (0)             ; 0 (0)            ; 0 (0)           ; 0 (0)      ; |DUT|terrorist:T|DFFi:d2|positive_d_latch:slave     ; positive_d_latch ; work         ;
;       |andi2:A7|                   ; 1 (1)       ; 0            ; 0          ; 0    ; 0            ; 1 (1)        ; 0 (0)             ; 0 (0)            ; 0 (0)           ; 0 (0)      ; |DUT|terrorist:T|andi2:A7                           ; andi2            ; work         ;
+------------------------------------+-------------+--------------+------------+------+--------------+--------------+-------------------+------------------+-----------------+------------+-----------------------------------------------------+------------------+--------------+
Note: For table entries with two numbers listed, the numbers in parentheses indicate the number of resources of the given type used by the specific entity alone. The numbers listed outside of parentheses indicate the total resources of the given type used by the specific entity and all of its sub-entities in the hierarchy.


+-------------------------------------------------------------+
; Logic Cells Representing Combinational Loops                ;
+--------------------------------------------------------+----+
; Logic Cell Name                                        ;    ;
+--------------------------------------------------------+----+
; bomber:B|DFFi:d1|positive_d_latch:slave|q              ;    ;
; bomber:B|DFF1:d0|positive_d_latch:slave|q              ;    ;
; gunman:G|DFFi:d0|positive_d_latch:slave|q              ;    ;
; gunman:G|DFFi:d1|positive_d_latch:slave|q              ;    ;
; knife_hurler:K|DFFi:d0|positive_d_latch:slave|q        ;    ;
; knife_hurler:K|DFFi:d2|positive_d_latch:slave|q        ;    ;
; terrorist:T|DFFi:d0|positive_d_latch:slave|q           ;    ;
; bomber:B|DFFi:d1|negative_d_latch:master|q             ;    ;
; bomber:B|DFF1:d0|negative_d_latch:master|q             ;    ;
; gunman:G|DFFi:d0|negative_d_latch:master|q             ;    ;
; gunman:G|DFFi:d1|negative_d_latch:master|q             ;    ;
; knife_hurler:K|DFFi:d0|negative_d_latch:master|q       ;    ;
; knife_hurler:K|DFFi:d2|negative_d_latch:master|q       ;    ;
; terrorist:T|DFFi:d0|negative_d_latch:master|q          ;    ;
; terrorist:T|DFFi:d2|positive_d_latch:slave|q           ;    ;
; terrorist:T|DFFi:d2|negative_d_latch:master|q          ;    ;
; Number of logic cells representing combinational loops ; 16 ;
+--------------------------------------------------------+----+
Note: All cells listed above may not be present at the end of synthesis due to various synthesis optimizations.


+------------------------------------------------------+
; General Register Statistics                          ;
+----------------------------------------------+-------+
; Statistic                                    ; Value ;
+----------------------------------------------+-------+
; Total registers                              ; 0     ;
; Number of registers using Synchronous Clear  ; 0     ;
; Number of registers using Synchronous Load   ; 0     ;
; Number of registers using Asynchronous Clear ; 0     ;
; Number of registers using Asynchronous Load  ; 0     ;
; Number of registers using Clock Enable       ; 0     ;
; Number of registers using Preset             ; 0     ;
+----------------------------------------------+-------+


+----------------------------------------------------------------------------------------------------------------+
; Port Connectivity Checks: "terrorist:T|INVERTER:INV11"                                                         ;
+------+--------+----------+-------------------------------------------------------------------------------------+
; Port ; Type   ; Severity ; Details                                                                             ;
+------+--------+----------+-------------------------------------------------------------------------------------+
; b    ; Output ; Info     ; Connected to dangling logic. Logic that only feeds a dangling port will be removed. ;
+------+--------+----------+-------------------------------------------------------------------------------------+


+----------------------------------------------------------------------------------------------------------------+
; Port Connectivity Checks: "terrorist:T|INVERTER:INV9"                                                          ;
+------+--------+----------+-------------------------------------------------------------------------------------+
; Port ; Type   ; Severity ; Details                                                                             ;
+------+--------+----------+-------------------------------------------------------------------------------------+
; b    ; Output ; Info     ; Connected to dangling logic. Logic that only feeds a dangling port will be removed. ;
+------+--------+----------+-------------------------------------------------------------------------------------+


+----------------------------------------------------------------------------------------------------------------+
; Port Connectivity Checks: "terrorist:T|INVERTER:INV8"                                                          ;
+------+--------+----------+-------------------------------------------------------------------------------------+
; Port ; Type   ; Severity ; Details                                                                             ;
+------+--------+----------+-------------------------------------------------------------------------------------+
; b    ; Output ; Info     ; Connected to dangling logic. Logic that only feeds a dangling port will be removed. ;
+------+--------+----------+-------------------------------------------------------------------------------------+


+----------------------------------------------------------------------------------------------------------------+
; Port Connectivity Checks: "knife_hurler:K|INVERTER:INV11"                                                      ;
+------+--------+----------+-------------------------------------------------------------------------------------+
; Port ; Type   ; Severity ; Details                                                                             ;
+------+--------+----------+-------------------------------------------------------------------------------------+
; b    ; Output ; Info     ; Connected to dangling logic. Logic that only feeds a dangling port will be removed. ;
+------+--------+----------+-------------------------------------------------------------------------------------+


+----------------------------------------------------------------------------------------------------------------+
; Port Connectivity Checks: "knife_hurler:K|INVERTER:INV9"                                                       ;
+------+--------+----------+-------------------------------------------------------------------------------------+
; Port ; Type   ; Severity ; Details                                                                             ;
+------+--------+----------+-------------------------------------------------------------------------------------+
; b    ; Output ; Info     ; Connected to dangling logic. Logic that only feeds a dangling port will be removed. ;
+------+--------+----------+-------------------------------------------------------------------------------------+


+----------------------------------------------------------------------------------------------------------------+
; Port Connectivity Checks: "knife_hurler:K|INVERTER:INV8"                                                       ;
+------+--------+----------+-------------------------------------------------------------------------------------+
; Port ; Type   ; Severity ; Details                                                                             ;
+------+--------+----------+-------------------------------------------------------------------------------------+
; b    ; Output ; Info     ; Connected to dangling logic. Logic that only feeds a dangling port will be removed. ;
+------+--------+----------+-------------------------------------------------------------------------------------+


+----------------------------------------------------------------------------------------------------------------+
; Port Connectivity Checks: "gunman:G|INVERTER:INV7"                                                             ;
+------+--------+----------+-------------------------------------------------------------------------------------+
; Port ; Type   ; Severity ; Details                                                                             ;
+------+--------+----------+-------------------------------------------------------------------------------------+
; b    ; Output ; Info     ; Connected to dangling logic. Logic that only feeds a dangling port will be removed. ;
+------+--------+----------+-------------------------------------------------------------------------------------+


+----------------------------------------------------------------------------------------------------------------+
; Port Connectivity Checks: "gunman:G|INVERTER:INV2"                                                             ;
+------+--------+----------+-------------------------------------------------------------------------------------+
; Port ; Type   ; Severity ; Details                                                                             ;
+------+--------+----------+-------------------------------------------------------------------------------------+
; b    ; Output ; Info     ; Connected to dangling logic. Logic that only feeds a dangling port will be removed. ;
+------+--------+----------+-------------------------------------------------------------------------------------+


+----------------------------------------------------------------------------------------------------------------+
; Port Connectivity Checks: "bomber:B|INVERTER:INV5"                                                             ;
+------+--------+----------+-------------------------------------------------------------------------------------+
; Port ; Type   ; Severity ; Details                                                                             ;
+------+--------+----------+-------------------------------------------------------------------------------------+
; b    ; Output ; Info     ; Connected to dangling logic. Logic that only feeds a dangling port will be removed. ;
+------+--------+----------+-------------------------------------------------------------------------------------+


+-------------------------------+
; Analysis & Synthesis Messages ;
+-------------------------------+
Info: *******************************************************************
Info: Running Quartus Prime Analysis & Synthesis
    Info: Version 16.1.0 Build 196 10/24/2016 SJ Lite Edition
    Info: Processing started: Fri Mar 10 14:30:55 2017
Info: Command: quartus_map --read_settings_files=on --write_settings_files=off StringDetector_Fresh -c DUT
Warning (18236): Number of processors has not been specified which may cause overloading on shared machines.  Set the global assignment NUM_PARALLEL_PROCESSORS in your QSF to an appropriate value for best performance.
Info (20030): Parallel compilation is enabled and will use 4 of the 4 processors detected
Info (12021): Found 2 design units, including 1 entities, in source file /home/dhruv-shah/Desktop/IIT Bombay 2015-19/Sem 4/EE214/EE214 - Experiment 6/String Detector/terror_detector.vhd
    Info (12022): Found design unit 1: terrorist-terror_detector File: /home/dhruv-shah/Desktop/IIT Bombay 2015-19/Sem 4/EE214/EE214 - Experiment 6/String Detector/terror_detector.vhd Line: 13
    Info (12023): Found entity 1: terrorist File: /home/dhruv-shah/Desktop/IIT Bombay 2015-19/Sem 4/EE214/EE214 - Experiment 6/String Detector/terror_detector.vhd Line: 7
Info (12021): Found 2 design units, including 1 entities, in source file /home/dhruv-shah/Desktop/IIT Bombay 2015-19/Sem 4/EE214/EE214 - Experiment 6/String Detector/knife_detector.vhd
    Info (12022): Found design unit 1: knife_hurler-knife_detector File: /home/dhruv-shah/Desktop/IIT Bombay 2015-19/Sem 4/EE214/EE214 - Experiment 6/String Detector/knife_detector.vhd Line: 13
    Info (12023): Found entity 1: knife_hurler File: /home/dhruv-shah/Desktop/IIT Bombay 2015-19/Sem 4/EE214/EE214 - Experiment 6/String Detector/knife_detector.vhd Line: 7
Info (12021): Found 2 design units, including 1 entities, in source file /home/dhruv-shah/Desktop/IIT Bombay 2015-19/Sem 4/EE214/EE214 - Experiment 6/String Detector/gun_detector.vhd
    Info (12022): Found design unit 1: gunman-gun_detector File: /home/dhruv-shah/Desktop/IIT Bombay 2015-19/Sem 4/EE214/EE214 - Experiment 6/String Detector/gun_detector.vhd Line: 12
    Info (12023): Found entity 1: gunman File: /home/dhruv-shah/Desktop/IIT Bombay 2015-19/Sem 4/EE214/EE214 - Experiment 6/String Detector/gun_detector.vhd Line: 6
Info (12021): Found 23 design units, including 11 entities, in source file /home/dhruv-shah/Desktop/IIT Bombay 2015-19/Sem 4/EE214/EE214 - Experiment 6/String Detector/EE224.vhd
    Info (12022): Found design unit 1: EE224_Components File: /home/dhruv-shah/Desktop/IIT Bombay 2015-19/Sem 4/EE214/EE214 - Experiment 6/String Detector/EE224.vhd Line: 7
    Info (12022): Found design unit 2: INVERTER-Behave File: /home/dhruv-shah/Desktop/IIT Bombay 2015-19/Sem 4/EE214/EE214 - Experiment 6/String Detector/EE224.vhd Line: 50
    Info (12022): Found design unit 3: andi2-Behave File: /home/dhruv-shah/Desktop/IIT Bombay 2015-19/Sem 4/EE214/EE214 - Experiment 6/String Detector/EE224.vhd Line: 61
    Info (12022): Found design unit 4: andi5-Behave File: /home/dhruv-shah/Desktop/IIT Bombay 2015-19/Sem 4/EE214/EE214 - Experiment 6/String Detector/EE224.vhd Line: 74
    Info (12022): Found design unit 5: andi3-Behave File: /home/dhruv-shah/Desktop/IIT Bombay 2015-19/Sem 4/EE214/EE214 - Experiment 6/String Detector/EE224.vhd Line: 91
    Info (12022): Found design unit 6: z-Behave File: /home/dhruv-shah/Desktop/IIT Bombay 2015-19/Sem 4/EE214/EE214 - Experiment 6/String Detector/EE224.vhd Line: 104
    Info (12022): Found design unit 7: ori2-Behave File: /home/dhruv-shah/Desktop/IIT Bombay 2015-19/Sem 4/EE214/EE214 - Experiment 6/String Detector/EE224.vhd Line: 115
    Info (12022): Found design unit 8: Nori2-Behave File: /home/dhruv-shah/Desktop/IIT Bombay 2015-19/Sem 4/EE214/EE214 - Experiment 6/String Detector/EE224.vhd Line: 126
    Info (12022): Found design unit 9: positive_d_latch-Equations File: /home/dhruv-shah/Desktop/IIT Bombay 2015-19/Sem 4/EE214/EE214 - Experiment 6/String Detector/EE224.vhd Line: 137
    Info (12022): Found design unit 10: negative_d_latch-Equations File: /home/dhruv-shah/Desktop/IIT Bombay 2015-19/Sem 4/EE214/EE214 - Experiment 6/String Detector/EE224.vhd Line: 151
    Info (12022): Found design unit 11: DFFi-Struct File: /home/dhruv-shah/Desktop/IIT Bombay 2015-19/Sem 4/EE214/EE214 - Experiment 6/String Detector/EE224.vhd Line: 165
    Info (12022): Found design unit 12: DFF1-Struct File: /home/dhruv-shah/Desktop/IIT Bombay 2015-19/Sem 4/EE214/EE214 - Experiment 6/String Detector/EE224.vhd Line: 183
    Info (12023): Found entity 1: INVERTER File: /home/dhruv-shah/Desktop/IIT Bombay 2015-19/Sem 4/EE214/EE214 - Experiment 6/String Detector/EE224.vhd Line: 46
    Info (12023): Found entity 2: andi2 File: /home/dhruv-shah/Desktop/IIT Bombay 2015-19/Sem 4/EE214/EE214 - Experiment 6/String Detector/EE224.vhd Line: 57
    Info (12023): Found entity 3: andi5 File: /home/dhruv-shah/Desktop/IIT Bombay 2015-19/Sem 4/EE214/EE214 - Experiment 6/String Detector/EE224.vhd Line: 70
    Info (12023): Found entity 4: andi3 File: /home/dhruv-shah/Desktop/IIT Bombay 2015-19/Sem 4/EE214/EE214 - Experiment 6/String Detector/EE224.vhd Line: 87
    Info (12023): Found entity 5: z File: /home/dhruv-shah/Desktop/IIT Bombay 2015-19/Sem 4/EE214/EE214 - Experiment 6/String Detector/EE224.vhd Line: 100
    Info (12023): Found entity 6: ori2 File: /home/dhruv-shah/Desktop/IIT Bombay 2015-19/Sem 4/EE214/EE214 - Experiment 6/String Detector/EE224.vhd Line: 111
    Info (12023): Found entity 7: Nori2 File: /home/dhruv-shah/Desktop/IIT Bombay 2015-19/Sem 4/EE214/EE214 - Experiment 6/String Detector/EE224.vhd Line: 122
    Info (12023): Found entity 8: positive_d_latch File: /home/dhruv-shah/Desktop/IIT Bombay 2015-19/Sem 4/EE214/EE214 - Experiment 6/String Detector/EE224.vhd Line: 134
    Info (12023): Found entity 9: negative_d_latch File: /home/dhruv-shah/Desktop/IIT Bombay 2015-19/Sem 4/EE214/EE214 - Experiment 6/String Detector/EE224.vhd Line: 148
    Info (12023): Found entity 10: DFFi File: /home/dhruv-shah/Desktop/IIT Bombay 2015-19/Sem 4/EE214/EE214 - Experiment 6/String Detector/EE224.vhd Line: 162
    Info (12023): Found entity 11: DFF1 File: /home/dhruv-shah/Desktop/IIT Bombay 2015-19/Sem 4/EE214/EE214 - Experiment 6/String Detector/EE224.vhd Line: 180
Info (12021): Found 2 design units, including 1 entities, in source file /home/dhruv-shah/Desktop/IIT Bombay 2015-19/Sem 4/EE214/EE214 - Experiment 6/String Detector/DUT.vhd
    Info (12022): Found design unit 1: DUT-WRAP File: /home/dhruv-shah/Desktop/IIT Bombay 2015-19/Sem 4/EE214/EE214 - Experiment 6/String Detector/DUT.vhd Line: 10
    Info (12023): Found entity 1: DUT File: /home/dhruv-shah/Desktop/IIT Bombay 2015-19/Sem 4/EE214/EE214 - Experiment 6/String Detector/DUT.vhd Line: 4
Info (12021): Found 2 design units, including 1 entities, in source file /home/dhruv-shah/Desktop/IIT Bombay 2015-19/Sem 4/EE214/EE214 - Experiment 6/String Detector/bomb_detector.vhd
    Info (12022): Found design unit 1: bomber-bomb_detector File: /home/dhruv-shah/Desktop/IIT Bombay 2015-19/Sem 4/EE214/EE214 - Experiment 6/String Detector/bomb_detector.vhd Line: 12
    Info (12023): Found entity 1: bomber File: /home/dhruv-shah/Desktop/IIT Bombay 2015-19/Sem 4/EE214/EE214 - Experiment 6/String Detector/bomb_detector.vhd Line: 6
Info (12127): Elaborating entity "DUT" for the top level hierarchy
Info (12128): Elaborating entity "bomber" for hierarchy "bomber:B" File: /home/dhruv-shah/Desktop/IIT Bombay 2015-19/Sem 4/EE214/EE214 - Experiment 6/String Detector/DUT.vhd Line: 47
Warning (10036): Verilog HDL or VHDL warning at bomb_detector.vhd(14): object "bb" assigned a value but never read File: /home/dhruv-shah/Desktop/IIT Bombay 2015-19/Sem 4/EE214/EE214 - Experiment 6/String Detector/bomb_detector.vhd Line: 14
Info (12128): Elaborating entity "INVERTER" for hierarchy "bomber:B|INVERTER:INV0" File: /home/dhruv-shah/Desktop/IIT Bombay 2015-19/Sem 4/EE214/EE214 - Experiment 6/String Detector/bomb_detector.vhd Line: 23
Info (12128): Elaborating entity "andi5" for hierarchy "bomber:B|andi5:A5b" File: /home/dhruv-shah/Desktop/IIT Bombay 2015-19/Sem 4/EE214/EE214 - Experiment 6/String Detector/bomb_detector.vhd Line: 29
Info (12128): Elaborating entity "andi2" for hierarchy "bomber:B|andi5:A5b|andi2:AA1" File: /home/dhruv-shah/Desktop/IIT Bombay 2015-19/Sem 4/EE214/EE214 - Experiment 6/String Detector/EE224.vhd Line: 77
Info (12128): Elaborating entity "ori2" for hierarchy "bomber:B|ori2:O1" File: /home/dhruv-shah/Desktop/IIT Bombay 2015-19/Sem 4/EE214/EE214 - Experiment 6/String Detector/bomb_detector.vhd Line: 49
Info (12128): Elaborating entity "DFFi" for hierarchy "bomber:B|DFFi:d1" File: /home/dhruv-shah/Desktop/IIT Bombay 2015-19/Sem 4/EE214/EE214 - Experiment 6/String Detector/bomb_detector.vhd Line: 63
Info (12128): Elaborating entity "negative_d_latch" for hierarchy "bomber:B|DFFi:d1|negative_d_latch:master" File: /home/dhruv-shah/Desktop/IIT Bombay 2015-19/Sem 4/EE214/EE214 - Experiment 6/String Detector/EE224.vhd Line: 168
Info (12128): Elaborating entity "positive_d_latch" for hierarchy "bomber:B|DFFi:d1|positive_d_latch:slave" File: /home/dhruv-shah/Desktop/IIT Bombay 2015-19/Sem 4/EE214/EE214 - Experiment 6/String Detector/EE224.vhd Line: 170
Info (12128): Elaborating entity "DFF1" for hierarchy "bomber:B|DFF1:d0" File: /home/dhruv-shah/Desktop/IIT Bombay 2015-19/Sem 4/EE214/EE214 - Experiment 6/String Detector/bomb_detector.vhd Line: 64
Info (12128): Elaborating entity "gunman" for hierarchy "gunman:G" File: /home/dhruv-shah/Desktop/IIT Bombay 2015-19/Sem 4/EE214/EE214 - Experiment 6/String Detector/DUT.vhd Line: 48
Warning (10036): Verilog HDL or VHDL warning at gun_detector.vhd(14): object "n2" assigned a value but never read File: /home/dhruv-shah/Desktop/IIT Bombay 2015-19/Sem 4/EE214/EE214 - Experiment 6/String Detector/gun_detector.vhd Line: 14
Warning (10036): Verilog HDL or VHDL warning at gun_detector.vhd(14): object "gb" assigned a value but never read File: /home/dhruv-shah/Desktop/IIT Bombay 2015-19/Sem 4/EE214/EE214 - Experiment 6/String Detector/gun_detector.vhd Line: 14
Info (12128): Elaborating entity "knife_hurler" for hierarchy "knife_hurler:K" File: /home/dhruv-shah/Desktop/IIT Bombay 2015-19/Sem 4/EE214/EE214 - Experiment 6/String Detector/DUT.vhd Line: 49
Warning (10036): Verilog HDL or VHDL warning at knife_detector.vhd(15): object "kb" assigned a value but never read File: /home/dhruv-shah/Desktop/IIT Bombay 2015-19/Sem 4/EE214/EE214 - Experiment 6/String Detector/knife_detector.vhd Line: 15
Warning (10036): Verilog HDL or VHDL warning at knife_detector.vhd(15): object "nb" assigned a value but never read File: /home/dhruv-shah/Desktop/IIT Bombay 2015-19/Sem 4/EE214/EE214 - Experiment 6/String Detector/knife_detector.vhd Line: 15
Warning (10036): Verilog HDL or VHDL warning at knife_detector.vhd(15): object "fb" assigned a value but never read File: /home/dhruv-shah/Desktop/IIT Bombay 2015-19/Sem 4/EE214/EE214 - Experiment 6/String Detector/knife_detector.vhd Line: 15
Info (12128): Elaborating entity "andi3" for hierarchy "knife_hurler:K|andi3:A31" File: /home/dhruv-shah/Desktop/IIT Bombay 2015-19/Sem 4/EE214/EE214 - Experiment 6/String Detector/knife_detector.vhd Line: 48
Info (12128): Elaborating entity "z" for hierarchy "knife_hurler:K|andi3:A31|z:AA1" File: /home/dhruv-shah/Desktop/IIT Bombay 2015-19/Sem 4/EE214/EE214 - Experiment 6/String Detector/EE224.vhd Line: 94
Info (12128): Elaborating entity "terrorist" for hierarchy "terrorist:T" File: /home/dhruv-shah/Desktop/IIT Bombay 2015-19/Sem 4/EE214/EE214 - Experiment 6/String Detector/DUT.vhd Line: 50
Warning (10036): Verilog HDL or VHDL warning at terror_detector.vhd(15): object "tb" assigned a value but never read File: /home/dhruv-shah/Desktop/IIT Bombay 2015-19/Sem 4/EE214/EE214 - Experiment 6/String Detector/terror_detector.vhd Line: 15
Warning (10036): Verilog HDL or VHDL warning at terror_detector.vhd(15): object "eb" assigned a value but never read File: /home/dhruv-shah/Desktop/IIT Bombay 2015-19/Sem 4/EE214/EE214 - Experiment 6/String Detector/terror_detector.vhd Line: 15
Warning (10036): Verilog HDL or VHDL warning at terror_detector.vhd(15): object "ob" assigned a value but never read File: /home/dhruv-shah/Desktop/IIT Bombay 2015-19/Sem 4/EE214/EE214 - Experiment 6/String Detector/terror_detector.vhd Line: 15
Info (21057): Implemented 59 device resources after synthesis - the final resource count might be different
    Info (21058): Implemented 7 input pins
    Info (21059): Implemented 1 output pins
    Info (21061): Implemented 51 logic cells
Info: Quartus Prime Analysis & Synthesis was successful. 0 errors, 10 warnings
    Info: Peak virtual memory: 940 megabytes
    Info: Processing ended: Fri Mar 10 14:31:22 2017
    Info: Elapsed time: 00:00:27
    Info: Total CPU time (on all processors): 00:01:01


