Fitter report for DUT
Fri Mar 10 14:31:30 2017
Quartus Prime Version 16.1.0 Build 196 10/24/2016 SJ Lite Edition


---------------------
; Table of Contents ;
---------------------
  1. Legal Notice
  2. Fitter Summary
  3. Fitter Settings
  4. Parallel Compilation
  5. Pin-Out File
  6. Fitter Resource Usage Summary
  7. Input Pins
  8. Output Pins
  9. I/O Bank Usage
 10. All Package Pins
 11. Output Pin Default Load For Reported TCO
 12. I/O Assignment Warnings
 13. Fitter Resource Utilization by Entity
 14. Delay Chain Summary
 15. Global & Other Fast Signals
 16. Routing Usage Summary
 17. LAB Logic Elements
 18. LAB Signals Sourced
 19. LAB Signals Sourced Out
 20. LAB Distinct Inputs
 21. Fitter Device Options
 22. Estimated Delay Added for Hold Timing Summary
 23. Estimated Delay Added for Hold Timing Details
 24. Fitter Messages
 25. Fitter Suppressed Messages



----------------
; Legal Notice ;
----------------
Copyright (C) 2016  Intel Corporation. All rights reserved.
Your use of Intel Corporation's design tools, logic functions 
and other software and tools, and its AMPP partner logic 
functions, and any output files from any of the foregoing 
(including device programming or simulation files), and any 
associated documentation or information are expressly subject 
to the terms and conditions of the Intel Program License 
Subscription Agreement, the Intel Quartus Prime License Agreement,
the Intel MegaCore Function License Agreement, or other 
applicable license agreement, including, without limitation, 
that your use is for the sole purpose of programming logic 
devices manufactured by Intel and sold by Intel or its 
authorized distributors.  Please refer to the applicable 
agreement for further details.



+---------------------------------------------------------------------+
; Fitter Summary                                                      ;
+-----------------------+---------------------------------------------+
; Fitter Status         ; Successful - Fri Mar 10 14:31:30 2017       ;
; Quartus Prime Version ; 16.1.0 Build 196 10/24/2016 SJ Lite Edition ;
; Revision Name         ; DUT                                         ;
; Top-level Entity Name ; DUT                                         ;
; Family                ; MAX V                                       ;
; Device                ; 5M1270ZT144C5                               ;
; Timing Models         ; Final                                       ;
; Total logic elements  ; 51 / 1,270 ( 4 % )                          ;
; Total pins            ; 8 / 114 ( 7 % )                             ;
; Total virtual pins    ; 0                                           ;
; UFM blocks            ; 0 / 1 ( 0 % )                               ;
+-----------------------+---------------------------------------------+


+----------------------------------------------------------------------------------------------------------------------------------------------+
; Fitter Settings                                                                                                                              ;
+----------------------------------------------------------------------------+--------------------------------+--------------------------------+
; Option                                                                     ; Setting                        ; Default Value                  ;
+----------------------------------------------------------------------------+--------------------------------+--------------------------------+
; Device                                                                     ; 5M1270ZT144C5                  ;                                ;
; Minimum Core Junction Temperature                                          ; 0                              ;                                ;
; Maximum Core Junction Temperature                                          ; 85                             ;                                ;
; Fit Attempts to Skip                                                       ; 0                              ; 0.0                            ;
; Use smart compilation                                                      ; Off                            ; Off                            ;
; Enable parallel Assembler and TimeQuest Timing Analyzer during compilation ; On                             ; On                             ;
; Enable compact report table                                                ; Off                            ; Off                            ;
; Router Timing Optimization Level                                           ; Normal                         ; Normal                         ;
; Placement Effort Multiplier                                                ; 1.0                            ; 1.0                            ;
; Router Effort Multiplier                                                   ; 1.0                            ; 1.0                            ;
; Always Enable Input Buffers                                                ; Off                            ; Off                            ;
; Optimize Hold Timing                                                       ; IO Paths and Minimum TPD Paths ; IO Paths and Minimum TPD Paths ;
; Optimize Multi-Corner Timing                                               ; Off                            ; Off                            ;
; Guarantee I/O Paths Have Zero Hold Time at Fast Corner                     ; On                             ; On                             ;
; PowerPlay Power Optimization During Fitting                                ; Normal compilation             ; Normal compilation             ;
; Optimize Timing                                                            ; Normal compilation             ; Normal compilation             ;
; Optimize Timing for ECOs                                                   ; Off                            ; Off                            ;
; Regenerate Full Fit Report During ECO Compiles                             ; Off                            ; Off                            ;
; Optimize IOC Register Placement for Timing                                 ; Normal                         ; Normal                         ;
; Limit to One Fitting Attempt                                               ; Off                            ; Off                            ;
; Final Placement Optimizations                                              ; Automatically                  ; Automatically                  ;
; Fitter Aggressive Routability Optimizations                                ; Automatically                  ; Automatically                  ;
; Fitter Initial Placement Seed                                              ; 1                              ; 1                              ;
; Periphery to Core Placement and Routing Optimization                       ; Off                            ; Off                            ;
; Slow Slew Rate                                                             ; Off                            ; Off                            ;
; PCI I/O                                                                    ; Off                            ; Off                            ;
; Weak Pull-Up Resistor                                                      ; Off                            ; Off                            ;
; Enable Bus-Hold Circuitry                                                  ; Off                            ; Off                            ;
; Auto Delay Chains                                                          ; On                             ; On                             ;
; Auto Delay Chains for High Fanout Input Pins                               ; Off                            ; Off                            ;
; Perform Physical Synthesis for Combinational Logic for Performance         ; Off                            ; Off                            ;
; Perform Register Duplication for Performance                               ; Off                            ; Off                            ;
; Perform Register Retiming for Performance                                  ; Off                            ; Off                            ;
; Perform Asynchronous Signal Pipelining                                     ; Off                            ; Off                            ;
; Fitter Effort                                                              ; Auto Fit                       ; Auto Fit                       ;
; Physical Synthesis Effort Level                                            ; Normal                         ; Normal                         ;
; Logic Cell Insertion - Logic Duplication                                   ; Auto                           ; Auto                           ;
; Auto Register Duplication                                                  ; Auto                           ; Auto                           ;
; Auto Global Clock                                                          ; On                             ; On                             ;
; Auto Global Register Control Signals                                       ; On                             ; On                             ;
; Force Fitter to Avoid Periphery Placement Warnings                         ; Off                            ; Off                            ;
+----------------------------------------------------------------------------+--------------------------------+--------------------------------+


+------------------------------------------+
; Parallel Compilation                     ;
+----------------------------+-------------+
; Processors                 ; Number      ;
+----------------------------+-------------+
; Number detected on machine ; 4           ;
; Maximum allowed            ; 4           ;
;                            ;             ;
; Average used               ; 1.02        ;
; Maximum used               ; 4           ;
;                            ;             ;
; Usage by Processor         ; % Time Used ;
;     Processor 1            ; 100.0%      ;
;     Processor 2            ;   0.7%      ;
;     Processors 3-4         ;   0.6%      ;
+----------------------------+-------------+


+--------------+
; Pin-Out File ;
+--------------+
The pin-out file can be found in /home/dhruv-shah/Desktop/IIT Bombay 2015-19/Sem 4/EE214/Quartus Projects/StringDetector_Fresh/output_files/DUT.pin.


+------------------------------------------------------------------+
; Fitter Resource Usage Summary                                    ;
+---------------------------------------------+--------------------+
; Resource                                    ; Usage              ;
+---------------------------------------------+--------------------+
; Total logic elements                        ; 51 / 1,270 ( 4 % ) ;
;     -- Combinational with no register       ; 51                 ;
;     -- Register only                        ; 0                  ;
;     -- Combinational with a register        ; 0                  ;
;                                             ;                    ;
; Logic element usage by number of LUT inputs ;                    ;
;     -- 4 input functions                    ; 29                 ;
;     -- 3 input functions                    ; 16                 ;
;     -- 2 input functions                    ; 6                  ;
;     -- 1 input functions                    ; 0                  ;
;     -- 0 input functions                    ; 0                  ;
;                                             ;                    ;
; Logic elements by mode                      ;                    ;
;     -- normal mode                          ; 51                 ;
;     -- arithmetic mode                      ; 0                  ;
;     -- qfbk mode                            ; 0                  ;
;     -- register cascade mode                ; 0                  ;
;     -- synchronous clear/load mode          ; 0                  ;
;     -- asynchronous clear/load mode         ; 0                  ;
;                                             ;                    ;
; Total registers                             ; 0 / 1,270 ( 0 % )  ;
; Total LABs                                  ; 7 / 127 ( 6 % )    ;
; Logic elements in carry chains              ; 0                  ;
; Virtual pins                                ; 0                  ;
; I/O pins                                    ; 8 / 114 ( 7 % )    ;
;     -- Clock pins                           ; 2 / 4 ( 50 % )     ;
;                                             ;                    ;
; UFM blocks                                  ; 0 / 1 ( 0 % )      ;
;                                             ;                    ;
;     -- Total Fixed Point DSP Blocks         ; 0                  ;
;     -- Total Floating Point DSP Blocks      ; 0                  ;
;                                             ;                    ;
; Global signals                              ; 1                  ;
;     -- Global clocks                        ; 1 / 4 ( 25 % )     ;
; JTAGs                                       ; 0 / 1 ( 0 % )      ;
; Average interconnect usage (total/H/V)      ; 1.7% / 2.0% / 1.3% ;
; Peak interconnect usage (total/H/V)         ; 3.5% / 4.1% / 2.9% ;
; Maximum fan-out                             ; 22                 ;
; Highest non-global fan-out                  ; 13                 ;
; Total fan-out                               ; 177                ;
; Average fan-out                             ; 3.00               ;
+---------------------------------------------+--------------------+


+-----------------------------------------------------------------------------------------------------------------------------------------------------------------------------------------------------------------------------------------+
; Input Pins                                                                                                                                                                                                                              ;
+-----------------+-------+----------+--------------+--------------+-------------+-----------------------+--------------------+--------+-----------------+----------+--------------+--------------+----------------------+----------------+
; Name            ; Pin # ; I/O Bank ; X coordinate ; Y coordinate ; Cell number ; Combinational Fan-Out ; Registered Fan-Out ; Global ; PCI I/O Enabled ; Bus Hold ; Weak Pull Up ; I/O Standard ; Location assigned by ; Slow Slew Rate ;
+-----------------+-------+----------+--------------+--------------+-------------+-----------------------+--------------------+--------+-----------------+----------+--------------+--------------+----------------------+----------------+
; input_vector[0] ; 7     ; 1        ; 0            ; 8            ; 0           ; 10                    ; 0                  ; no     ; no              ; no       ; Off          ; 3.3-V LVTTL  ; Fitter               ; no             ;
; input_vector[1] ; 6     ; 1        ; 0            ; 9            ; 3           ; 8                     ; 0                  ; no     ; no              ; no       ; Off          ; 3.3-V LVTTL  ; Fitter               ; no             ;
; input_vector[2] ; 14    ; 1        ; 0            ; 7            ; 2           ; 7                     ; 0                  ; no     ; no              ; no       ; Off          ; 3.3-V LVTTL  ; Fitter               ; no             ;
; input_vector[3] ; 20    ; 1        ; 0            ; 7            ; 6           ; 7                     ; 0                  ; no     ; no              ; no       ; Off          ; 3.3-V LVTTL  ; Fitter               ; no             ;
; input_vector[4] ; 4     ; 1        ; 0            ; 9            ; 0           ; 12                    ; 0                  ; no     ; no              ; no       ; Off          ; 3.3-V LVTTL  ; Fitter               ; no             ;
; input_vector[5] ; 18    ; 1        ; 0            ; 7            ; 5           ; 22                    ; 0                  ; yes    ; no              ; no       ; Off          ; 3.3-V LVTTL  ; Fitter               ; no             ;
; input_vector[6] ; 8     ; 1        ; 0            ; 8            ; 1           ; 13                    ; 0                  ; no     ; no              ; no       ; Off          ; 3.3-V LVTTL  ; Fitter               ; no             ;
+-----------------+-------+----------+--------------+--------------+-------------+-----------------------+--------------------+--------+-----------------+----------+--------------+--------------+----------------------+----------------+


+------------------------------------------------------------------------------------------------------------------------------------------------------------------------------------------------------------------------------------------------------------------------------------------------------------------------------------+
; Output Pins                                                                                                                                                                                                                                                                                                                        ;
+------------------+-------+----------+--------------+--------------+-------------+-----------------+----------------+-----------------+------------+---------------+----------+--------------+--------------+------------------+------------------------+----------------------+-------+----------------------+---------------------+
; Name             ; Pin # ; I/O Bank ; X coordinate ; Y coordinate ; Cell number ; Output Register ; Slow Slew Rate ; PCI I/O Enabled ; Open Drain ; TRI Primitive ; Bus Hold ; Weak Pull Up ; I/O Standard ; Current Strength ; Fast Output Connection ; Location assigned by ; Load  ; Output Enable Source ; Output Enable Group ;
+------------------+-------+----------+--------------+--------------+-------------+-----------------+----------------+-----------------+------------+---------------+----------+--------------+--------------+------------------+------------------------+----------------------+-------+----------------------+---------------------+
; output_vector[0] ; 123   ; 2        ; 9            ; 11           ; 0           ; no              ; no             ; no              ; no         ; no            ; no       ; Off          ; 3.3-V LVTTL  ; 16mA             ; no                     ; Fitter               ; 10 pF ; -                    ; -                   ;
+------------------+-------+----------+--------------+--------------+-------------+-----------------+----------------+-----------------+------------+---------------+----------+--------------+--------------+------------------+------------------------+----------------------+-------+----------------------+---------------------+


+-----------------------------------------------------------+
; I/O Bank Usage                                            ;
+----------+-----------------+---------------+--------------+
; I/O Bank ; Usage           ; VCCIO Voltage ; VREF Voltage ;
+----------+-----------------+---------------+--------------+
; 1        ; 7 / 25 ( 28 % ) ; 3.3V          ; --           ;
; 2        ; 1 / 30 ( 3 % )  ; 3.3V          ; --           ;
; 3        ; 0 / 29 ( 0 % )  ; 3.3V          ; --           ;
; 4        ; 0 / 30 ( 0 % )  ; 3.3V          ; --           ;
+----------+-----------------+---------------+--------------+


+------------------------------------------------------------------------------------------------------------------------------------------------+
; All Package Pins                                                                                                                               ;
+----------+------------+----------+------------------+--------+--------------+---------+------------+-----------------+----------+--------------+
; Location ; Pad Number ; I/O Bank ; Pin Name/Usage   ; Dir.   ; I/O Standard ; Voltage ; I/O Type   ; User Assignment ; Bus Hold ; Weak Pull Up ;
+----------+------------+----------+------------------+--------+--------------+---------+------------+-----------------+----------+--------------+
; 1        ; 2          ; 1        ; GND*             ;        ;              ;         ; Row I/O    ;                 ; no       ; Off          ;
; 2        ; 3          ; 1        ; GND*             ;        ;              ;         ; Row I/O    ;                 ; no       ; Off          ;
; 3        ; 5          ; 1        ; GND*             ;        ;              ;         ; Row I/O    ;                 ; no       ; Off          ;
; 4        ; 7          ; 1        ; input_vector[4]  ; input  ; 3.3-V LVTTL  ;         ; Row I/O    ; N               ; no       ; Off          ;
; 5        ; 9          ; 1        ; GND*             ;        ;              ;         ; Row I/O    ;                 ; no       ; Off          ;
; 6        ; 10         ; 1        ; input_vector[1]  ; input  ; 3.3-V LVTTL  ;         ; Row I/O    ; N               ; no       ; Off          ;
; 7        ; 14         ; 1        ; input_vector[0]  ; input  ; 3.3-V LVTTL  ;         ; Row I/O    ; N               ; no       ; Off          ;
; 8        ; 15         ; 1        ; input_vector[6]  ; input  ; 3.3-V LVTTL  ;         ; Row I/O    ; N               ; no       ; Off          ;
; 9        ;            ; 1        ; VCCIO1           ; power  ;              ; 3.3V    ; --         ;                 ; --       ; --           ;
; 10       ;            ;          ; GNDIO            ; gnd    ;              ;         ; --         ;                 ; --       ; --           ;
; 11       ;            ;          ; GNDIO            ; gnd    ;              ;         ; --         ;                 ; --       ; --           ;
; 12       ; 21         ; 1        ; GND*             ;        ;              ;         ; Row I/O    ;                 ; no       ; Off          ;
; 13       ; 22         ; 1        ; GND*             ;        ;              ;         ; Row I/O    ;                 ; no       ; Off          ;
; 14       ; 23         ; 1        ; input_vector[2]  ; input  ; 3.3-V LVTTL  ;         ; Row I/O    ; N               ; no       ; Off          ;
; 15       ; 24         ; 1        ; GND*             ;        ;              ;         ; Row I/O    ;                 ; no       ; Off          ;
; 16       ; 25         ; 1        ; GND*             ;        ;              ;         ; Row I/O    ;                 ; no       ; Off          ;
; 17       ;            ;          ; GNDINT           ; gnd    ;              ;         ; --         ;                 ; --       ; --           ;
; 18       ; 26         ; 1        ; input_vector[5]  ; input  ; 3.3-V LVTTL  ;         ; Row I/O    ; N               ; no       ; Off          ;
; 19       ;            ;          ; VCCINT           ; power  ;              ; 1.8V    ; --         ;                 ; --       ; --           ;
; 20       ; 27         ; 1        ; input_vector[3]  ; input  ; 3.3-V LVTTL  ;         ; Row I/O    ; N               ; no       ; Off          ;
; 21       ; 28         ; 1        ; GND*             ;        ;              ;         ; Row I/O    ;                 ; no       ; Off          ;
; 22       ; 29         ; 1        ; GND*             ;        ;              ;         ; Row I/O    ;                 ; no       ; Off          ;
; 23       ; 30         ; 1        ; GND*             ;        ;              ;         ; Row I/O    ;                 ; no       ; Off          ;
; 24       ; 31         ; 1        ; GND*             ;        ;              ;         ; Row I/O    ;                 ; no       ; Off          ;
; 25       ;            ; 1        ; VCCIO1           ; power  ;              ; 3.3V    ; --         ;                 ; --       ; --           ;
; 26       ;            ;          ; GNDIO            ; gnd    ;              ;         ; --         ;                 ; --       ; --           ;
; 27       ; 33         ; 1        ; GND*             ;        ;              ;         ; Row I/O    ;                 ; no       ; Off          ;
; 28       ; 36         ; 1        ; GND*             ;        ;              ;         ; Row I/O    ;                 ; no       ; Off          ;
; 29       ; 37         ; 1        ; GND*             ;        ;              ;         ; Row I/O    ;                 ; no       ; Off          ;
; 30       ; 41         ; 1        ; GND*             ;        ;              ;         ; Row I/O    ;                 ; no       ; Off          ;
; 31       ; 44         ; 1        ; GND*             ;        ;              ;         ; Row I/O    ;                 ; no       ; Off          ;
; 32       ; 47         ; 1        ; GND*             ;        ;              ;         ; Row I/O    ;                 ; no       ; Off          ;
; 33       ; 50         ; 1        ; #TMS             ; input  ;              ;         ; --         ;                 ; --       ; --           ;
; 34       ; 51         ; 1        ; #TDI             ; input  ;              ;         ; --         ;                 ; --       ; --           ;
; 35       ; 52         ; 1        ; #TCK             ; input  ;              ;         ; --         ;                 ; --       ; --           ;
; 36       ; 53         ; 1        ; #TDO             ; output ;              ;         ; --         ;                 ; --       ; --           ;
; 37       ; 56         ; 4        ; GND*             ;        ;              ;         ; Column I/O ;                 ; no       ; Off          ;
; 38       ; 57         ; 4        ; GND*             ;        ;              ;         ; Column I/O ;                 ; no       ; Off          ;
; 39       ; 60         ; 4        ; GND*             ;        ;              ;         ; Column I/O ;                 ; no       ; Off          ;
; 40       ; 62         ; 4        ; GND*             ;        ;              ;         ; Column I/O ;                 ; no       ; Off          ;
; 41       ; 63         ; 4        ; GND*             ;        ;              ;         ; Column I/O ;                 ; no       ; Off          ;
; 42       ; 67         ; 4        ; GND*             ;        ;              ;         ; Column I/O ;                 ; no       ; Off          ;
; 43       ; 68         ; 4        ; GND*             ;        ;              ;         ; Column I/O ;                 ; no       ; Off          ;
; 44       ; 69         ; 4        ; GND*             ;        ;              ;         ; Column I/O ;                 ; no       ; Off          ;
; 45       ; 74         ; 4        ; GND*             ;        ;              ;         ; Column I/O ;                 ; no       ; Off          ;
; 46       ;            ; 4        ; VCCIO4           ; power  ;              ; 3.3V    ; --         ;                 ; --       ; --           ;
; 47       ;            ;          ; GNDIO            ; gnd    ;              ;         ; --         ;                 ; --       ; --           ;
; 48       ; 75         ; 4        ; GND*             ;        ;              ;         ; Column I/O ;                 ; no       ; Off          ;
; 49       ; 76         ; 4        ; GND*             ;        ;              ;         ; Column I/O ;                 ; no       ; Off          ;
; 50       ; 77         ; 4        ; GND*             ;        ;              ;         ; Column I/O ;                 ; no       ; Off          ;
; 51       ; 78         ; 4        ; GND*             ;        ;              ;         ; Column I/O ;                 ; no       ; Off          ;
; 52       ; 79         ; 4        ; GND*             ;        ;              ;         ; Column I/O ;                 ; no       ; Off          ;
; 53       ; 80         ; 4        ; GND*             ;        ;              ;         ; Column I/O ;                 ; no       ; Off          ;
; 54       ;            ;          ; GNDINT           ; gnd    ;              ;         ; --         ;                 ; --       ; --           ;
; 55       ; 81         ; 4        ; GND*             ;        ;              ;         ; Column I/O ;                 ; no       ; Off          ;
; 56       ;            ;          ; VCCINT           ; power  ;              ; 1.8V    ; --         ;                 ; --       ; --           ;
; 57       ; 82         ; 4        ; GND*             ;        ;              ;         ; Column I/O ;                 ; no       ; Off          ;
; 58       ; 83         ; 4        ; GND*             ;        ;              ;         ; Column I/O ;                 ; no       ; Off          ;
; 59       ; 84         ; 4        ; GND*             ;        ;              ;         ; Column I/O ;                 ; no       ; Off          ;
; 60       ; 85         ; 4        ; GND*             ;        ;              ;         ; Column I/O ;                 ; no       ; Off          ;
; 61       ; 86         ; 4        ; GND*             ;        ;              ;         ; Column I/O ;                 ; no       ; Off          ;
; 62       ; 87         ; 4        ; GND*             ;        ;              ;         ; Column I/O ;                 ; no       ; Off          ;
; 63       ; 88         ; 4        ; GND*             ;        ;              ;         ; Column I/O ;                 ; no       ; Off          ;
; 64       ;            ; 4        ; VCCIO4           ; power  ;              ; 3.3V    ; --         ;                 ; --       ; --           ;
; 65       ;            ;          ; GNDIO            ; gnd    ;              ;         ; --         ;                 ; --       ; --           ;
; 66       ; 91         ; 4        ; GND*             ;        ;              ;         ; Column I/O ;                 ; no       ; Off          ;
; 67       ; 92         ; 4        ; GND*             ;        ;              ;         ; Column I/O ;                 ; no       ; Off          ;
; 68       ; 95         ; 4        ; GND*             ;        ;              ;         ; Column I/O ;                 ; no       ; Off          ;
; 69       ; 98         ; 4        ; GND*             ;        ;              ;         ; Column I/O ;                 ; no       ; Off          ;
; 70       ; 101        ; 4        ; GND*             ;        ;              ;         ; Column I/O ;                 ; no       ; Off          ;
; 71       ; 104        ; 4        ; GND*             ;        ;              ;         ; Column I/O ;                 ; no       ; Off          ;
; 72       ; 107        ; 4        ; GND*             ;        ;              ;         ; Column I/O ;                 ; no       ; Off          ;
; 73       ; 111        ; 3        ; GND*             ;        ;              ;         ; Row I/O    ;                 ; no       ; Off          ;
; 74       ; 112        ; 3        ; GND*             ;        ;              ;         ; Row I/O    ;                 ; no       ; Off          ;
; 75       ; 113        ; 3        ; GND*             ;        ;              ;         ; Row I/O    ;                 ; no       ; Off          ;
; 76       ; 115        ; 3        ; GND*             ;        ;              ;         ; Row I/O    ;                 ; no       ; Off          ;
; 77       ; 118        ; 3        ; GND*             ;        ;              ;         ; Row I/O    ;                 ; no       ; Off          ;
; 78       ;            ;          ; GNDIO            ; gnd    ;              ;         ; --         ;                 ; --       ; --           ;
; 79       ; 123        ; 3        ; GND*             ;        ;              ;         ; Row I/O    ;                 ; no       ; Off          ;
; 80       ; 124        ; 3        ; GND*             ;        ;              ;         ; Row I/O    ;                 ; no       ; Off          ;
; 81       ; 127        ; 3        ; GND*             ;        ;              ;         ; Row I/O    ;                 ; no       ; Off          ;
; 82       ;            ; 3        ; VCCIO3           ; power  ;              ; 3.3V    ; --         ;                 ; --       ; --           ;
; 83       ;            ;          ; GNDIO            ; gnd    ;              ;         ; --         ;                 ; --       ; --           ;
; 84       ; 129        ; 3        ; GND*             ;        ;              ;         ; Row I/O    ;                 ; no       ; Off          ;
; 85       ; 130        ; 3        ; GND*             ;        ;              ;         ; Row I/O    ;                 ; no       ; Off          ;
; 86       ; 131        ; 3        ; GND*             ;        ;              ;         ; Row I/O    ;                 ; no       ; Off          ;
; 87       ; 132        ; 3        ; GND*             ;        ;              ;         ; Row I/O    ;                 ; no       ; Off          ;
; 88       ; 133        ; 3        ; GND*             ;        ;              ;         ; Row I/O    ;                 ; no       ; Off          ;
; 89       ; 134        ; 3        ; GND*             ;        ;              ;         ; Row I/O    ;                 ; no       ; Off          ;
; 90       ;            ;          ; VCCINT           ; power  ;              ; 1.8V    ; --         ;                 ; --       ; --           ;
; 91       ; 135        ; 3        ; GND*             ;        ;              ;         ; Row I/O    ;                 ; no       ; Off          ;
; 92       ;            ;          ; GNDINT           ; gnd    ;              ;         ; --         ;                 ; --       ; --           ;
; 93       ; 136        ; 3        ; GND*             ;        ;              ;         ; Row I/O    ;                 ; no       ; Off          ;
; 94       ; 137        ; 3        ; GND*             ;        ;              ;         ; Row I/O    ;                 ; no       ; Off          ;
; 95       ; 138        ; 3        ; GND*             ;        ;              ;         ; Row I/O    ;                 ; no       ; Off          ;
; 96       ; 139        ; 3        ; GND*             ;        ;              ;         ; Row I/O    ;                 ; no       ; Off          ;
; 97       ; 140        ; 3        ; GND*             ;        ;              ;         ; Row I/O    ;                 ; no       ; Off          ;
; 98       ; 141        ; 3        ; GND*             ;        ;              ;         ; Row I/O    ;                 ; no       ; Off          ;
; 99       ;            ;          ; GNDIO            ; gnd    ;              ;         ; --         ;                 ; --       ; --           ;
; 100      ;            ; 3        ; VCCIO3           ; power  ;              ; 3.3V    ; --         ;                 ; --       ; --           ;
; 101      ; 142        ; 3        ; GND*             ;        ;              ;         ; Row I/O    ;                 ; no       ; Off          ;
; 102      ; 146        ; 3        ; GND*             ;        ;              ;         ; Row I/O    ;                 ; no       ; Off          ;
; 103      ; 147        ; 3        ; GND*             ;        ;              ;         ; Row I/O    ;                 ; no       ; Off          ;
; 104      ; 151        ; 3        ; GND*             ;        ;              ;         ; Row I/O    ;                 ; no       ; Off          ;
; 105      ; 152        ; 3        ; GND*             ;        ;              ;         ; Row I/O    ;                 ; no       ; Off          ;
; 106      ; 154        ; 3        ; GND*             ;        ;              ;         ; Row I/O    ;                 ; no       ; Off          ;
; 107      ; 156        ; 3        ; GND*             ;        ;              ;         ; Row I/O    ;                 ; no       ; Off          ;
; 108      ; 158        ; 3        ; GND*             ;        ;              ;         ; Row I/O    ;                 ; no       ; Off          ;
; 109      ; 164        ; 2        ; GND*             ;        ;              ;         ; Column I/O ;                 ; no       ; Off          ;
; 110      ; 165        ; 2        ; GND*             ;        ;              ;         ; Column I/O ;                 ; no       ; Off          ;
; 111      ; 166        ; 2        ; GND*             ;        ;              ;         ; Column I/O ;                 ; no       ; Off          ;
; 112      ; 171        ; 2        ; GND*             ;        ;              ;         ; Column I/O ;                 ; no       ; Off          ;
; 113      ; 174        ; 2        ; GND*             ;        ;              ;         ; Column I/O ;                 ; no       ; Off          ;
; 114      ; 177        ; 2        ; GND*             ;        ;              ;         ; Column I/O ;                 ; no       ; Off          ;
; 115      ;            ;          ; GNDIO            ; gnd    ;              ;         ; --         ;                 ; --       ; --           ;
; 116      ;            ; 2        ; VCCIO2           ; power  ;              ; 3.3V    ; --         ;                 ; --       ; --           ;
; 117      ; 180        ; 2        ; GND*             ;        ;              ;         ; Column I/O ;                 ; no       ; Off          ;
; 118      ; 181        ; 2        ; GND*             ;        ;              ;         ; Column I/O ;                 ; no       ; Off          ;
; 119      ; 182        ; 2        ; GND*             ;        ;              ;         ; Column I/O ;                 ; no       ; Off          ;
; 120      ; 183        ; 2        ; GND*             ;        ;              ;         ; Column I/O ;                 ; no       ; Off          ;
; 121      ; 184        ; 2        ; GND*             ;        ;              ;         ; Column I/O ;                 ; no       ; Off          ;
; 122      ; 185        ; 2        ; GND*             ;        ;              ;         ; Column I/O ;                 ; no       ; Off          ;
; 123      ; 186        ; 2        ; output_vector[0] ; output ; 3.3-V LVTTL  ;         ; Column I/O ; N               ; no       ; Off          ;
; 124      ; 187        ; 2        ; GND*             ;        ;              ;         ; Column I/O ;                 ; no       ; Off          ;
; 125      ; 188        ; 2        ; GND*             ;        ;              ;         ; Column I/O ;                 ; no       ; Off          ;
; 126      ;            ;          ; VCCINT           ; power  ;              ; 1.8V    ; --         ;                 ; --       ; --           ;
; 127      ; 189        ; 2        ; GND*             ;        ;              ;         ; Column I/O ;                 ; no       ; Off          ;
; 128      ;            ;          ; GNDINT           ; gnd    ;              ;         ; --         ;                 ; --       ; --           ;
; 129      ; 190        ; 2        ; GND*             ;        ;              ;         ; Column I/O ;                 ; no       ; Off          ;
; 130      ; 191        ; 2        ; GND*             ;        ;              ;         ; Column I/O ;                 ; no       ; Off          ;
; 131      ; 192        ; 2        ; GND*             ;        ;              ;         ; Column I/O ;                 ; no       ; Off          ;
; 132      ; 193        ; 2        ; GND*             ;        ;              ;         ; Column I/O ;                 ; no       ; Off          ;
; 133      ; 194        ; 2        ; GND*             ;        ;              ;         ; Column I/O ;                 ; no       ; Off          ;
; 134      ; 195        ; 2        ; GND*             ;        ;              ;         ; Column I/O ;                 ; no       ; Off          ;
; 135      ;            ;          ; GNDIO            ; gnd    ;              ;         ; --         ;                 ; --       ; --           ;
; 136      ;            ; 2        ; VCCIO2           ; power  ;              ; 3.3V    ; --         ;                 ; --       ; --           ;
; 137      ; 199        ; 2        ; GND*             ;        ;              ;         ; Column I/O ;                 ; no       ; Off          ;
; 138      ; 200        ; 2        ; GND*             ;        ;              ;         ; Column I/O ;                 ; no       ; Off          ;
; 139      ; 201        ; 2        ; GND*             ;        ;              ;         ; Column I/O ;                 ; no       ; Off          ;
; 140      ; 204        ; 2        ; GND*             ;        ;              ;         ; Column I/O ;                 ; no       ; Off          ;
; 141      ; 205        ; 2        ; GND*             ;        ;              ;         ; Column I/O ;                 ; no       ; Off          ;
; 142      ; 208        ; 2        ; GND*             ;        ;              ;         ; Column I/O ;                 ; no       ; Off          ;
; 143      ; 212        ; 2        ; GND*             ;        ;              ;         ; Column I/O ;                 ; no       ; Off          ;
; 144      ; 215        ; 2        ; GND*             ;        ;              ;         ; Column I/O ;                 ; no       ; Off          ;
+----------+------------+----------+------------------+--------+--------------+---------+------------+-----------------+----------+--------------+
Note: Pin directions (input, output or bidir) are based on device operating in user mode.


+-------------------------------------------------------------+
; Output Pin Default Load For Reported TCO                    ;
+----------------------------+-------+------------------------+
; I/O Standard               ; Load  ; Termination Resistance ;
+----------------------------+-------+------------------------+
; 3.3-V LVTTL                ; 10 pF ; Not Available          ;
; 3.3-V LVCMOS               ; 10 pF ; Not Available          ;
; 2.5 V                      ; 10 pF ; Not Available          ;
; 1.8 V                      ; 10 pF ; Not Available          ;
; 1.5 V                      ; 10 pF ; Not Available          ;
; 3.3V Schmitt Trigger Input ; 10 pF ; Not Available          ;
; 2.5V Schmitt Trigger Input ; 10 pF ; Not Available          ;
; 1.2 V                      ; 10 pF ; Not Available          ;
; LVDS_E_3R                  ; 10 pF ; Not Available          ;
; RSDS_E_3R                  ; 10 pF ; Not Available          ;
; 3.3-V PCI                  ; 10 pF ; 25 Ohm (Parallel)      ;
+----------------------------+-------+------------------------+
Note: User assignments will override these defaults. The user specified values are listed in the Output Pins and Bidir Pins tables.


+------------------------------------------------+
; I/O Assignment Warnings                        ;
+------------------+-----------------------------+
; Pin Name         ; Reason                      ;
+------------------+-----------------------------+
; output_vector[0] ; Missing location assignment ;
; input_vector[4]  ; Missing location assignment ;
; input_vector[1]  ; Missing location assignment ;
; input_vector[2]  ; Missing location assignment ;
; input_vector[0]  ; Missing location assignment ;
; input_vector[3]  ; Missing location assignment ;
; input_vector[6]  ; Missing location assignment ;
; input_vector[5]  ; Missing location assignment ;
+------------------+-----------------------------+


+---------------------------------------------------------------------------------------------------------------------------------------------------------------------------------------------------------------------------------------------------------------------------------+
; Fitter Resource Utilization by Entity                                                                                                                                                                                                                                           ;
+------------------------------------+-------------+--------------+------------+------+--------------+--------------+-------------------+------------------+-----------------+------------+-----------------------------------------------------+------------------+--------------+
; Compilation Hierarchy Node         ; Logic Cells ; LC Registers ; UFM Blocks ; Pins ; Virtual Pins ; LUT-Only LCs ; Register-Only LCs ; LUT/Register LCs ; Carry Chain LCs ; Packed LCs ; Full Hierarchy Name                                 ; Entity Name      ; Library Name ;
+------------------------------------+-------------+--------------+------------+------+--------------+--------------+-------------------+------------------+-----------------+------------+-----------------------------------------------------+------------------+--------------+
; |DUT                               ; 51 (4)      ; 0            ; 0          ; 8    ; 0            ; 51 (4)       ; 0 (0)             ; 0 (0)            ; 0 (0)           ; 0 (0)      ; |DUT                                                ; DUT              ; work         ;
;    |bomber:B|                      ; 14 (0)      ; 0            ; 0          ; 0    ; 0            ; 14 (0)       ; 0 (0)             ; 0 (0)            ; 0 (0)           ; 0 (0)      ; |DUT|bomber:B                                       ; bomber           ; work         ;
;       |DFF1:d0|                    ; 4 (0)       ; 0            ; 0          ; 0    ; 0            ; 4 (0)        ; 0 (0)             ; 0 (0)            ; 0 (0)           ; 0 (0)      ; |DUT|bomber:B|DFF1:d0                               ; DFF1             ; work         ;
;          |negative_d_latch:master| ; 3 (3)       ; 0            ; 0          ; 0    ; 0            ; 3 (3)        ; 0 (0)             ; 0 (0)            ; 0 (0)           ; 0 (0)      ; |DUT|bomber:B|DFF1:d0|negative_d_latch:master       ; negative_d_latch ; work         ;
;          |positive_d_latch:slave|  ; 1 (1)       ; 0            ; 0          ; 0    ; 0            ; 1 (1)        ; 0 (0)             ; 0 (0)            ; 0 (0)           ; 0 (0)      ; |DUT|bomber:B|DFF1:d0|positive_d_latch:slave        ; positive_d_latch ; work         ;
;       |DFFi:d1|                    ; 6 (0)       ; 0            ; 0          ; 0    ; 0            ; 6 (0)        ; 0 (0)             ; 0 (0)            ; 0 (0)           ; 0 (0)      ; |DUT|bomber:B|DFFi:d1                               ; DFFi             ; work         ;
;          |negative_d_latch:master| ; 5 (5)       ; 0            ; 0          ; 0    ; 0            ; 5 (5)        ; 0 (0)             ; 0 (0)            ; 0 (0)           ; 0 (0)      ; |DUT|bomber:B|DFFi:d1|negative_d_latch:master       ; negative_d_latch ; work         ;
;          |positive_d_latch:slave|  ; 1 (1)       ; 0            ; 0          ; 0    ; 0            ; 1 (1)        ; 0 (0)             ; 0 (0)            ; 0 (0)           ; 0 (0)      ; |DUT|bomber:B|DFFi:d1|positive_d_latch:slave        ; positive_d_latch ; work         ;
;       |andi2:A13|                  ; 2 (2)       ; 0            ; 0          ; 0    ; 0            ; 2 (2)        ; 0 (0)             ; 0 (0)            ; 0 (0)           ; 0 (0)      ; |DUT|bomber:B|andi2:A13                             ; andi2            ; work         ;
;       |andi5:A5b|                  ; 2 (0)       ; 0            ; 0          ; 0    ; 0            ; 2 (0)        ; 0 (0)             ; 0 (0)            ; 0 (0)           ; 0 (0)      ; |DUT|bomber:B|andi5:A5b                             ; andi5            ; work         ;
;          |andi2:AA4|               ; 2 (2)       ; 0            ; 0          ; 0    ; 0            ; 2 (2)        ; 0 (0)             ; 0 (0)            ; 0 (0)           ; 0 (0)      ; |DUT|bomber:B|andi5:A5b|andi2:AA4                   ; andi2            ; work         ;
;    |gunman:G|                      ; 15 (0)      ; 0            ; 0          ; 0    ; 0            ; 15 (0)       ; 0 (0)             ; 0 (0)            ; 0 (0)           ; 0 (0)      ; |DUT|gunman:G                                       ; gunman           ; work         ;
;       |DFFi:d0|                    ; 8 (0)       ; 0            ; 0          ; 0    ; 0            ; 8 (0)        ; 0 (0)             ; 0 (0)            ; 0 (0)           ; 0 (0)      ; |DUT|gunman:G|DFFi:d0                               ; DFFi             ; work         ;
;          |negative_d_latch:master| ; 6 (6)       ; 0            ; 0          ; 0    ; 0            ; 6 (6)        ; 0 (0)             ; 0 (0)            ; 0 (0)           ; 0 (0)      ; |DUT|gunman:G|DFFi:d0|negative_d_latch:master       ; negative_d_latch ; work         ;
;          |positive_d_latch:slave|  ; 2 (2)       ; 0            ; 0          ; 0    ; 0            ; 2 (2)        ; 0 (0)             ; 0 (0)            ; 0 (0)           ; 0 (0)      ; |DUT|gunman:G|DFFi:d0|positive_d_latch:slave        ; positive_d_latch ; work         ;
;       |DFFi:d1|                    ; 4 (0)       ; 0            ; 0          ; 0    ; 0            ; 4 (0)        ; 0 (0)             ; 0 (0)            ; 0 (0)           ; 0 (0)      ; |DUT|gunman:G|DFFi:d1                               ; DFFi             ; work         ;
;          |negative_d_latch:master| ; 3 (3)       ; 0            ; 0          ; 0    ; 0            ; 3 (3)        ; 0 (0)             ; 0 (0)            ; 0 (0)           ; 0 (0)      ; |DUT|gunman:G|DFFi:d1|negative_d_latch:master       ; negative_d_latch ; work         ;
;          |positive_d_latch:slave|  ; 1 (1)       ; 0            ; 0          ; 0    ; 0            ; 1 (1)        ; 0 (0)             ; 0 (0)            ; 0 (0)           ; 0 (0)      ; |DUT|gunman:G|DFFi:d1|positive_d_latch:slave        ; positive_d_latch ; work         ;
;       |andi2:A8|                   ; 1 (1)       ; 0            ; 0          ; 0    ; 0            ; 1 (1)        ; 0 (0)             ; 0 (0)            ; 0 (0)           ; 0 (0)      ; |DUT|gunman:G|andi2:A8                              ; andi2            ; work         ;
;       |andi5:A52|                  ; 1 (0)       ; 0            ; 0          ; 0    ; 0            ; 1 (0)        ; 0 (0)             ; 0 (0)            ; 0 (0)           ; 0 (0)      ; |DUT|gunman:G|andi5:A52                             ; andi5            ; work         ;
;          |andi2:AA4|               ; 1 (1)       ; 0            ; 0          ; 0    ; 0            ; 1 (1)        ; 0 (0)             ; 0 (0)            ; 0 (0)           ; 0 (0)      ; |DUT|gunman:G|andi5:A52|andi2:AA4                   ; andi2            ; work         ;
;       |andi5:A53|                  ; 1 (0)       ; 0            ; 0          ; 0    ; 0            ; 1 (0)        ; 0 (0)             ; 0 (0)            ; 0 (0)           ; 0 (0)      ; |DUT|gunman:G|andi5:A53                             ; andi5            ; work         ;
;          |andi2:AA4|               ; 1 (1)       ; 0            ; 0          ; 0    ; 0            ; 1 (1)        ; 0 (0)             ; 0 (0)            ; 0 (0)           ; 0 (0)      ; |DUT|gunman:G|andi5:A53|andi2:AA4                   ; andi2            ; work         ;
;    |knife_hurler:K|                ; 9 (0)       ; 0            ; 0          ; 0    ; 0            ; 9 (0)        ; 0 (0)             ; 0 (0)            ; 0 (0)           ; 0 (0)      ; |DUT|knife_hurler:K                                 ; knife_hurler     ; work         ;
;       |DFFi:d0|                    ; 4 (0)       ; 0            ; 0          ; 0    ; 0            ; 4 (0)        ; 0 (0)             ; 0 (0)            ; 0 (0)           ; 0 (0)      ; |DUT|knife_hurler:K|DFFi:d0                         ; DFFi             ; work         ;
;          |negative_d_latch:master| ; 3 (3)       ; 0            ; 0          ; 0    ; 0            ; 3 (3)        ; 0 (0)             ; 0 (0)            ; 0 (0)           ; 0 (0)      ; |DUT|knife_hurler:K|DFFi:d0|negative_d_latch:master ; negative_d_latch ; work         ;
;          |positive_d_latch:slave|  ; 1 (1)       ; 0            ; 0          ; 0    ; 0            ; 1 (1)        ; 0 (0)             ; 0 (0)            ; 0 (0)           ; 0 (0)      ; |DUT|knife_hurler:K|DFFi:d0|positive_d_latch:slave  ; positive_d_latch ; work         ;
;       |DFFi:d2|                    ; 4 (0)       ; 0            ; 0          ; 0    ; 0            ; 4 (0)        ; 0 (0)             ; 0 (0)            ; 0 (0)           ; 0 (0)      ; |DUT|knife_hurler:K|DFFi:d2                         ; DFFi             ; work         ;
;          |negative_d_latch:master| ; 3 (3)       ; 0            ; 0          ; 0    ; 0            ; 3 (3)        ; 0 (0)             ; 0 (0)            ; 0 (0)           ; 0 (0)      ; |DUT|knife_hurler:K|DFFi:d2|negative_d_latch:master ; negative_d_latch ; work         ;
;          |positive_d_latch:slave|  ; 1 (1)       ; 0            ; 0          ; 0    ; 0            ; 1 (1)        ; 0 (0)             ; 0 (0)            ; 0 (0)           ; 0 (0)      ; |DUT|knife_hurler:K|DFFi:d2|positive_d_latch:slave  ; positive_d_latch ; work         ;
;       |andi5:A5f|                  ; 1 (0)       ; 0            ; 0          ; 0    ; 0            ; 1 (0)        ; 0 (0)             ; 0 (0)            ; 0 (0)           ; 0 (0)      ; |DUT|knife_hurler:K|andi5:A5f                       ; andi5            ; work         ;
;          |andi2:AA4|               ; 1 (1)       ; 0            ; 0          ; 0    ; 0            ; 1 (1)        ; 0 (0)             ; 0 (0)            ; 0 (0)           ; 0 (0)      ; |DUT|knife_hurler:K|andi5:A5f|andi2:AA4             ; andi2            ; work         ;
;    |terrorist:T|                   ; 9 (0)       ; 0            ; 0          ; 0    ; 0            ; 9 (0)        ; 0 (0)             ; 0 (0)            ; 0 (0)           ; 0 (0)      ; |DUT|terrorist:T                                    ; terrorist        ; work         ;
;       |DFFi:d0|                    ; 5 (0)       ; 0            ; 0          ; 0    ; 0            ; 5 (0)        ; 0 (0)             ; 0 (0)            ; 0 (0)           ; 0 (0)      ; |DUT|terrorist:T|DFFi:d0                            ; DFFi             ; work         ;
;          |negative_d_latch:master| ; 4 (4)       ; 0            ; 0          ; 0    ; 0            ; 4 (4)        ; 0 (0)             ; 0 (0)            ; 0 (0)           ; 0 (0)      ; |DUT|terrorist:T|DFFi:d0|negative_d_latch:master    ; negative_d_latch ; work         ;
;          |positive_d_latch:slave|  ; 1 (1)       ; 0            ; 0          ; 0    ; 0            ; 1 (1)        ; 0 (0)             ; 0 (0)            ; 0 (0)           ; 0 (0)      ; |DUT|terrorist:T|DFFi:d0|positive_d_latch:slave     ; positive_d_latch ; work         ;
;       |DFFi:d2|                    ; 3 (0)       ; 0            ; 0          ; 0    ; 0            ; 3 (0)        ; 0 (0)             ; 0 (0)            ; 0 (0)           ; 0 (0)      ; |DUT|terrorist:T|DFFi:d2                            ; DFFi             ; work         ;
;          |negative_d_latch:master| ; 1 (1)       ; 0            ; 0          ; 0    ; 0            ; 1 (1)        ; 0 (0)             ; 0 (0)            ; 0 (0)           ; 0 (0)      ; |DUT|terrorist:T|DFFi:d2|negative_d_latch:master    ; negative_d_latch ; work         ;
;          |positive_d_latch:slave|  ; 2 (2)       ; 0            ; 0          ; 0    ; 0            ; 2 (2)        ; 0 (0)             ; 0 (0)            ; 0 (0)           ; 0 (0)      ; |DUT|terrorist:T|DFFi:d2|positive_d_latch:slave     ; positive_d_latch ; work         ;
;       |andi2:A7|                   ; 1 (1)       ; 0            ; 0          ; 0    ; 0            ; 1 (1)        ; 0 (0)             ; 0 (0)            ; 0 (0)           ; 0 (0)      ; |DUT|terrorist:T|andi2:A7                           ; andi2            ; work         ;
+------------------------------------+-------------+--------------+------------+------+--------------+--------------+-------------------+------------------+-----------------+------------+-----------------------------------------------------+------------------+--------------+
Note: For table entries with two numbers listed, the numbers in parentheses indicate the number of resources of the given type used by the specific entity alone. The numbers listed outside of parentheses indicate the total resources of the given type used by the specific entity and all of its sub-entities in the hierarchy.


+---------------------------------------------+
; Delay Chain Summary                         ;
+------------------+----------+---------------+
; Name             ; Pin Type ; Pad to Core 0 ;
+------------------+----------+---------------+
; output_vector[0] ; Output   ; --            ;
; input_vector[4]  ; Input    ; (0)           ;
; input_vector[1]  ; Input    ; (0)           ;
; input_vector[2]  ; Input    ; (0)           ;
; input_vector[0]  ; Input    ; (0)           ;
; input_vector[3]  ; Input    ; (0)           ;
; input_vector[6]  ; Input    ; (0)           ;
; input_vector[5]  ; Input    ; (0)           ;
+------------------+----------+---------------+


+--------------------------------------------------------------------------------+
; Global & Other Fast Signals                                                    ;
+-----------------+----------+---------+----------------------+------------------+
; Name            ; Location ; Fan-Out ; Global Resource Used ; Global Line Name ;
+-----------------+----------+---------+----------------------+------------------+
; input_vector[5] ; PIN_18   ; 22      ; Global Clock         ; GCLK0            ;
+-----------------+----------+---------+----------------------+------------------+


+----------------------------------------------+
; Routing Usage Summary                        ;
+-----------------------+----------------------+
; Routing Resource Type ; Usage                ;
+-----------------------+----------------------+
; C4s                   ; 33 / 2,870 ( 1 % )   ;
; Direct links          ; 13 / 3,938 ( < 1 % ) ;
; Global clocks         ; 1 / 4 ( 25 % )       ;
; LAB clocks            ; 3 / 72 ( 4 % )       ;
; LUT chains            ; 17 / 1,143 ( 1 % )   ;
; Local interconnects   ; 78 / 3,938 ( 2 % )   ;
; R4s                   ; 46 / 2,832 ( 2 % )   ;
+-----------------------+----------------------+


+--------------------------------------------------------------------------+
; LAB Logic Elements                                                       ;
+--------------------------------------------+-----------------------------+
; Number of Logic Elements  (Average = 7.29) ; Number of LABs  (Total = 7) ;
+--------------------------------------------+-----------------------------+
; 1                                          ; 1                           ;
; 2                                          ; 0                           ;
; 3                                          ; 0                           ;
; 4                                          ; 0                           ;
; 5                                          ; 1                           ;
; 6                                          ; 0                           ;
; 7                                          ; 0                           ;
; 8                                          ; 0                           ;
; 9                                          ; 5                           ;
; 10                                         ; 0                           ;
+--------------------------------------------+-----------------------------+


+---------------------------------------------------------------------------+
; LAB Signals Sourced                                                       ;
+---------------------------------------------+-----------------------------+
; Number of Signals Sourced  (Average = 7.29) ; Number of LABs  (Total = 7) ;
+---------------------------------------------+-----------------------------+
; 0                                           ; 0                           ;
; 1                                           ; 1                           ;
; 2                                           ; 0                           ;
; 3                                           ; 0                           ;
; 4                                           ; 0                           ;
; 5                                           ; 1                           ;
; 6                                           ; 0                           ;
; 7                                           ; 0                           ;
; 8                                           ; 0                           ;
; 9                                           ; 5                           ;
+---------------------------------------------+-----------------------------+


+-------------------------------------------------------------------------------+
; LAB Signals Sourced Out                                                       ;
+-------------------------------------------------+-----------------------------+
; Number of Signals Sourced Out  (Average = 3.71) ; Number of LABs  (Total = 7) ;
+-------------------------------------------------+-----------------------------+
; 0                                               ; 0                           ;
; 1                                               ; 2                           ;
; 2                                               ; 0                           ;
; 3                                               ; 1                           ;
; 4                                               ; 2                           ;
; 5                                               ; 1                           ;
; 6                                               ; 0                           ;
; 7                                               ; 0                           ;
; 8                                               ; 1                           ;
+-------------------------------------------------+-----------------------------+


+---------------------------------------------------------------------------+
; LAB Distinct Inputs                                                       ;
+---------------------------------------------+-----------------------------+
; Number of Distinct Inputs  (Average = 8.57) ; Number of LABs  (Total = 7) ;
+---------------------------------------------+-----------------------------+
; 0                                           ; 0                           ;
; 1                                           ; 0                           ;
; 2                                           ; 0                           ;
; 3                                           ; 0                           ;
; 4                                           ; 1                           ;
; 5                                           ; 0                           ;
; 6                                           ; 0                           ;
; 7                                           ; 0                           ;
; 8                                           ; 2                           ;
; 9                                           ; 2                           ;
; 10                                          ; 1                           ;
; 11                                          ; 0                           ;
; 12                                          ; 1                           ;
+---------------------------------------------+-----------------------------+


+-------------------------------------------------------------------------+
; Fitter Device Options                                                   ;
+----------------------------------------------+--------------------------+
; Option                                       ; Setting                  ;
+----------------------------------------------+--------------------------+
; Enable user-supplied start-up clock (CLKUSR) ; Off                      ;
; Enable device-wide reset (DEV_CLRn)          ; Off                      ;
; Enable device-wide output enable (DEV_OE)    ; Off                      ;
; Enable INIT_DONE output                      ; Off                      ;
; Configuration scheme                         ; Passive Serial           ;
; Reserve all unused pins                      ; As output driving ground ;
+----------------------------------------------+--------------------------+


+----------------------------------------------------------------+
; Estimated Delay Added for Hold Timing Summary                  ;
+---------------------+----------------------+-------------------+
; Source Clock(s)     ; Destination Clock(s) ; Delay Added in ns ;
+---------------------+----------------------+-------------------+
; input_vector[5],I/O ; input_vector[5]      ; 4.7               ;
; I/O                 ; input_vector[5]      ; 3.6               ;
+---------------------+----------------------+-------------------+
Note: For more information on problematic transfers, consider running the Fitter again with the Optimize hold timing option (Settings Menu) turned off.
This will disable optimization of problematic paths and expose them for further analysis using the TimeQuest Timing Analyzer.


+---------------------------------------------------------------------------------------------------------------------------+
; Estimated Delay Added for Hold Timing Details                                                                             ;
+---------------------------------------------------+---------------------------------------------------+-------------------+
; Source Register                                   ; Destination Register                              ; Delay Added in ns ;
+---------------------------------------------------+---------------------------------------------------+-------------------+
; input_vector[5]                                   ; gunman:G|DFFi:d0|positive_d_latch:slave|qsig~0    ; 1.938             ;
; bomber:B|DFFi:d1|positive_d_latch:slave|qsig~0    ; bomber:B|DFFi:d1|positive_d_latch:slave|qsig~0    ; 1.094             ;
; bomber:B|DFF1:d0|positive_d_latch:slave|qsig~0    ; bomber:B|DFFi:d1|positive_d_latch:slave|qsig~0    ; 1.094             ;
; input_vector[6]                                   ; bomber:B|DFFi:d1|positive_d_latch:slave|qsig~0    ; 1.094             ;
; input_vector[3]                                   ; bomber:B|DFFi:d1|positive_d_latch:slave|qsig~0    ; 1.094             ;
; input_vector[0]                                   ; bomber:B|DFFi:d1|positive_d_latch:slave|qsig~0    ; 1.094             ;
; input_vector[2]                                   ; bomber:B|DFFi:d1|positive_d_latch:slave|qsig~0    ; 1.094             ;
; input_vector[1]                                   ; bomber:B|DFFi:d1|positive_d_latch:slave|qsig~0    ; 1.094             ;
; input_vector[4]                                   ; bomber:B|DFFi:d1|positive_d_latch:slave|qsig~0    ; 1.094             ;
; gunman:G|DFFi:d0|positive_d_latch:slave|qsig~0    ; gunman:G|DFFi:d0|positive_d_latch:slave|qsig~0    ; 1.093             ;
; gunman:G|DFFi:d1|positive_d_latch:slave|qsig~0    ; gunman:G|DFFi:d0|positive_d_latch:slave|qsig~0    ; 1.093             ;
; terrorist:T|DFFi:d0|positive_d_latch:slave|qsig~0 ; terrorist:T|DFFi:d0|positive_d_latch:slave|qsig~0 ; 0.788             ;
; terrorist:T|DFFi:d2|positive_d_latch:slave|qsig~0 ; terrorist:T|DFFi:d0|positive_d_latch:slave|qsig~0 ; 0.788             ;
+---------------------------------------------------+---------------------------------------------------+-------------------+
Note: This table only shows the top 13 path(s) that have the largest delay added for hold.


+-----------------+
; Fitter Messages ;
+-----------------+
Warning (18236): Number of processors has not been specified which may cause overloading on shared machines.  Set the global assignment NUM_PARALLEL_PROCESSORS in your QSF to an appropriate value for best performance.
Info (20030): Parallel compilation is enabled and will use 4 of the 4 processors detected
Info (119006): Selected device 5M1270ZT144C5 for design "DUT"
Info (21077): Low junction temperature is 0 degrees C
Info (21077): High junction temperature is 85 degrees C
Info (171003): Fitter is performing an Auto Fit compilation, which may decrease Fitter effort to reduce compilation time
Warning (292013): Feature LogicLock is only available with a valid subscription license. You can purchase a software subscription to gain full access to this feature.
Info (176444): Device migration not selected. If you intend to use device migration later, you may need to change the pin assignments as they may be incompatible with other devices
    Info (176445): Device 5M240ZT144C5 is compatible
    Info (176445): Device 5M240ZT144I5 is compatible
    Info (176445): Device 5M570ZT144C5 is compatible
    Info (176445): Device 5M570ZT144I5 is compatible
    Info (176445): Device 5M1270ZT144I5 is compatible
Critical Warning (169085): No exact pin location assignment(s) for 8 pins of 8 total pins. For the list of pins please refer to the I/O Assignment Warnings table in the fitter report.
Warning (335093): TimeQuest Timing Analyzer is analyzing 11 combinational loops as latches. For more details, run the Check Timing command in the TimeQuest Timing Analyzer or view the "User-Specified and Inferred Latches" table in the Analysis & Synthesis report.
Critical Warning (332012): Synopsys Design Constraints File file not found: 'DUT.sdc'. A Synopsys Design Constraints File is required by the TimeQuest Timing Analyzer to get proper timing constraints. Without it, the Compiler will not properly optimize the design.
Info (332144): No user constrained base clocks found in the design
Warning (332125): Found combinational loop of 4 nodes
    Warning (332126): Node "T|d2|master|qsig~0|combout"
    Warning (332126): Node "T|d2|slave|qsig~1|datab"
    Warning (332126): Node "T|d2|slave|qsig~1|combout"
    Warning (332126): Node "T|d2|master|qsig~0|dataa"
Warning (332125): Found combinational loop of 4 nodes
    Warning (332126): Node "T|d0|master|qsig~3|combout"
    Warning (332126): Node "T|d0|master|qsig~1|dataa"
    Warning (332126): Node "T|d0|master|qsig~1|combout"
    Warning (332126): Node "T|d0|master|qsig~3|datab"
Warning (332125): Found combinational loop of 4 nodes
    Warning (332126): Node "B|d1|master|qsig~4|combout"
    Warning (332126): Node "B|d1|master|qsig~2|datab"
    Warning (332126): Node "B|d1|master|qsig~2|combout"
    Warning (332126): Node "B|d1|master|qsig~4|dataa"
Warning (332125): Found combinational loop of 4 nodes
    Warning (332126): Node "G|d0|master|qsig~5|combout"
    Warning (332126): Node "G|d0|slave|qsig~1|datab"
    Warning (332126): Node "G|d0|slave|qsig~1|combout"
    Warning (332126): Node "G|d0|master|qsig~5|dataa"
Warning (332125): Found combinational loop of 4 nodes
    Warning (332126): Node "G|d1|master|qsig~3|combout"
    Warning (332126): Node "G|d1|master|qsig~2|datab"
    Warning (332126): Node "G|d1|master|qsig~2|combout"
    Warning (332126): Node "G|d1|master|qsig~3|datad"
Info (332128): Timing requirements not specified -- optimizing circuit to achieve the following default global requirements
    Info (332127): Assuming a default timing requirement
Info (332111): Found 1 clocks
    Info (332111):   Period   Clock Name
    Info (332111): ======== ============
    Info (332111):    1.000 input_vector[5]
Info (186079): Completed User Assigned Global Signals Promotion Operation
Info (186216): Automatically promoted some destinations of signal "input_vector[5]" to use Global clock in PIN 18 File: /home/dhruv-shah/Desktop/IIT Bombay 2015-19/Sem 4/EE214/EE214 - Experiment 6/String Detector/DUT.vhd Line: 5
    Info (186217): Destination "gunman:G|DFFi:d0|negative_d_latch:master|qsig~0" may be non-global or may not use global clock
    Info (186217): Destination "terrorist:T|DFFi:d0|negative_d_latch:master|qsig~1" may be non-global or may not use global clock
    Info (186217): Destination "terrorist:T|DFFi:d0|negative_d_latch:master|qsig~3" may be non-global or may not use global clock
    Info (186217): Destination "gunman:G|DFFi:d0|negative_d_latch:master|qsig~1" may be non-global or may not use global clock
    Info (186217): Destination "gunman:G|DFFi:d0|negative_d_latch:master|qsig~2" may be non-global or may not use global clock
    Info (186217): Destination "gunman:G|DFFi:d1|negative_d_latch:master|qsig~2" may be non-global or may not use global clock
    Info (186217): Destination "gunman:G|DFFi:d0|positive_d_latch:slave|qsig~1" may be non-global or may not use global clock
    Info (186217): Destination "bomber:B|DFFi:d1|negative_d_latch:master|qsig~2" may be non-global or may not use global clock
    Info (186217): Destination "bomber:B|DFFi:d1|negative_d_latch:master|qsig~3" may be non-global or may not use global clock
    Info (186217): Destination "terrorist:T|DFFi:d2|positive_d_latch:slave|qsig~1" may be non-global or may not use global clock
    Info (186218): Limited to 10 non-global destinations
Info (186079): Completed Auto Global Promotion Operation
Info (176234): Starting register packing
Info (186468): Started processing fast register assignments
Info (186469): Finished processing fast register assignments
Info (176235): Finished register packing
Info (176214): Statistics of I/O pins that need to be placed that use the same VCCIO and VREF, before I/O pin placement
    Info (176211): Number of I/O pins in group: 7 (unused VREF, 3.3V VCCIO, 6 input, 1 output, 0 bidirectional)
        Info (176212): I/O standards used: 3.3-V LVTTL.
Info (176215): I/O bank details before I/O pin placement
    Info (176214): Statistics of I/O banks
        Info (176213): I/O bank number 1 does not use VREF pins and has undetermined VCCIO pins. 1 total pin(s) used --  24 pins available
        Info (176213): I/O bank number 2 does not use VREF pins and has undetermined VCCIO pins. 0 total pin(s) used --  30 pins available
        Info (176213): I/O bank number 3 does not use VREF pins and has undetermined VCCIO pins. 0 total pin(s) used --  29 pins available
        Info (176213): I/O bank number 4 does not use VREF pins and has undetermined VCCIO pins. 0 total pin(s) used --  30 pins available
Info (171121): Fitter preparation operations ending: elapsed time is 00:00:00
Info (14896): Fitter has disabled Advanced Physical Optimization because it is not supported for the current family.
Info (170189): Fitter placement preparation operations beginning
Info (170190): Fitter placement preparation operations ending: elapsed time is 00:00:00
Info (170191): Fitter placement operations beginning
Info (170137): Fitter placement was successful
Info (170192): Fitter placement operations ending: elapsed time is 00:00:00
Info (170193): Fitter routing operations beginning
Info (170195): Router estimated average interconnect usage is 1% of the available device resources
    Info (170196): Router estimated peak interconnect usage is 3% of the available device resources in the region that extends from location X0_Y0 to location X8_Y11
Info (170199): The Fitter performed an Auto Fit compilation.  Optimizations were skipped to reduce compilation time.
    Info (170201): Optimizations that may affect the design's routability were skipped
Info (170194): Fitter routing operations ending: elapsed time is 00:00:01
Info (11888): Total time spent on timing analysis during the Fitter is 0.19 seconds.
Info (11218): Fitter post-fit operations ending: elapsed time is 00:00:00
Warning (169174): The Reserve All Unused Pins setting has not been specified, and will default to 'As output driving ground'.
Info (144001): Generated suppressed messages file /home/dhruv-shah/Desktop/IIT Bombay 2015-19/Sem 4/EE214/Quartus Projects/StringDetector_Fresh/output_files/DUT.fit.smsg
Info: Quartus Prime Fitter was successful. 0 errors, 31 warnings
    Info: Peak virtual memory: 1079 megabytes
    Info: Processing ended: Fri Mar 10 14:31:30 2017
    Info: Elapsed time: 00:00:04
    Info: Total CPU time (on all processors): 00:00:04


+----------------------------+
; Fitter Suppressed Messages ;
+----------------------------+
The suppressed messages can be found in /home/dhruv-shah/Desktop/IIT Bombay 2015-19/Sem 4/EE214/Quartus Projects/StringDetector_Fresh/output_files/DUT.fit.smsg.


