Flow report for DUT
Sat Mar 18 15:46:24 2017
Quartus Prime Version 16.1.0 Build 196 10/24/2016 SJ Lite Edition


---------------------
; Table of Contents ;
---------------------
  1. Legal Notice
  2. Flow Summary
  3. Flow Settings
  4. Flow Non-Default Global Settings
  5. Flow Elapsed Time
  6. Flow OS Summary
  7. Flow Log
  8. Flow Messages
  9. Flow Suppressed Messages



----------------
; Legal Notice ;
----------------
Copyright (C) 2016  Intel Corporation. All rights reserved.
Your use of Intel Corporation's design tools, logic functions 
and other software and tools, and its AMPP partner logic 
functions, and any output files from any of the foregoing 
(including device programming or simulation files), and any 
associated documentation or information are expressly subject 
to the terms and conditions of the Intel Program License 
Subscription Agreement, the Intel Quartus Prime License Agreement,
the Intel MegaCore Function License Agreement, or other 
applicable license agreement, including, without limitation, 
that your use is for the sole purpose of programming logic 
devices manufactured by Intel and sold by Intel or its 
authorized distributors.  Please refer to the applicable 
agreement for further details.



+---------------------------------------------------------------------+
; Flow Summary                                                        ;
+-----------------------+---------------------------------------------+
; Flow Status           ; Successful - Sat Mar 18 15:46:24 2017       ;
; Quartus Prime Version ; 16.1.0 Build 196 10/24/2016 SJ Lite Edition ;
; Revision Name         ; DUT                                         ;
; Top-level Entity Name ; DUT                                         ;
; Family                ; MAX V                                       ;
; Device                ; 5M1270ZT144C5                               ;
; Timing Models         ; Final                                       ;
; Total logic elements  ; 31 / 1,270 ( 2 % )                          ;
; Total pins            ; 20 / 114 ( 18 % )                           ;
; Total virtual pins    ; 0                                           ;
; UFM blocks            ; 0 / 1 ( 0 % )                               ;
+-----------------------+---------------------------------------------+


+-----------------------------------------+
; Flow Settings                           ;
+-------------------+---------------------+
; Option            ; Setting             ;
+-------------------+---------------------+
; Start date & time ; 03/18/2017 15:45:46 ;
; Main task         ; Compilation         ;
; Revision Name     ; DUT                 ;
+-------------------+---------------------+


+--------------------------------------------------------------------------------------------------------------------------+
; Flow Non-Default Global Settings                                                                                         ;
+--------------------------------------+------------------------------------+---------------+-------------+----------------+
; Assignment Name                      ; Value                              ; Default Value ; Entity Name ; Section Id     ;
+--------------------------------------+------------------------------------+---------------+-------------+----------------+
; COMPILER_SIGNATURE_ID                ; 264390079374931.148983214525306    ; --            ; --          ; --             ;
; EDA_DESIGN_INSTANCE_NAME             ; dut_instance                       ; --            ; --          ; Testbench      ;
; EDA_NATIVELINK_SIMULATION_TEST_BENCH ; Testbench                          ; --            ; --          ; eda_simulation ;
; EDA_OUTPUT_DATA_FORMAT               ; Vhdl                               ; --            ; --          ; eda_simulation ;
; EDA_SIMULATION_TOOL                  ; ModelSim-Altera (VHDL)             ; <None>        ; --          ; --             ;
; EDA_TEST_BENCH_ENABLE_STATUS         ; TEST_BENCH_MODE                    ; --            ; --          ; eda_simulation ;
; EDA_TEST_BENCH_FILE                  ; ../../EE214 - Midsem/Testbench.vhd ; --            ; --          ; Testbench      ;
; EDA_TEST_BENCH_MODULE_NAME           ; Testbench                          ; --            ; --          ; Testbench      ;
; EDA_TEST_BENCH_NAME                  ; Testbench                          ; --            ; --          ; eda_simulation ;
; EDA_TIME_SCALE                       ; 1 ps                               ; --            ; --          ; eda_simulation ;
; MAX_CORE_JUNCTION_TEMP               ; 85                                 ; --            ; --          ; --             ;
; MIN_CORE_JUNCTION_TEMP               ; 0                                  ; --            ; --          ; --             ;
; POWER_PRESET_COOLING_SOLUTION        ; No Heat Sink With Still Air        ; --            ; --          ; --             ;
; PROJECT_OUTPUT_DIRECTORY             ; output_files                       ; --            ; --          ; --             ;
+--------------------------------------+------------------------------------+---------------+-------------+----------------+


+-------------------------------------------------------------------------------------------------------------------------------+
; Flow Elapsed Time                                                                                                             ;
+---------------------------+--------------+-------------------------+---------------------+------------------------------------+
; Module Name               ; Elapsed Time ; Average Processors Used ; Peak Virtual Memory ; Total CPU Time (on all processors) ;
+---------------------------+--------------+-------------------------+---------------------+------------------------------------+
; Analysis & Synthesis      ; 00:00:25     ; 1.0                     ; 939 MB              ; 00:00:59                           ;
; Fitter                    ; 00:00:02     ; 1.0                     ; 1088 MB             ; 00:00:03                           ;
; Assembler                 ; 00:00:01     ; 1.0                     ; 795 MB              ; 00:00:01                           ;
; TimeQuest Timing Analyzer ; 00:00:02     ; 1.0                     ; 742 MB              ; 00:00:02                           ;
; EDA Netlist Writer        ; 00:00:01     ; 1.0                     ; 1029 MB             ; 00:00:01                           ;
; Total                     ; 00:00:31     ; --                      ; --                  ; 00:01:06                           ;
+---------------------------+--------------+-------------------------+---------------------+------------------------------------+


+---------------------------------------------------------------------------------------------+
; Flow OS Summary                                                                             ;
+---------------------------+------------------+----------------+------------+----------------+
; Module Name               ; Machine Hostname ; OS Name        ; OS Version ; Processor type ;
+---------------------------+------------------+----------------+------------+----------------+
; Analysis & Synthesis      ; dhruv-ubuntu-new ; Ubuntu 14.04.5 ; 14         ; x86_64         ;
; Fitter                    ; dhruv-ubuntu-new ; Ubuntu 14.04.5 ; 14         ; x86_64         ;
; Assembler                 ; dhruv-ubuntu-new ; Ubuntu 14.04.5 ; 14         ; x86_64         ;
; TimeQuest Timing Analyzer ; dhruv-ubuntu-new ; Ubuntu 14.04.5 ; 14         ; x86_64         ;
; EDA Netlist Writer        ; dhruv-ubuntu-new ; Ubuntu 14.04.5 ; 14         ; x86_64         ;
+---------------------------+------------------+----------------+------------+----------------+


------------
; Flow Log ;
------------
quartus_map --read_settings_files=on --write_settings_files=off BitCounter -c DUT
quartus_fit --read_settings_files=off --write_settings_files=off BitCounter -c DUT
quartus_asm --read_settings_files=off --write_settings_files=off BitCounter -c DUT
quartus_sta BitCounter -c DUT
quartus_eda --read_settings_files=off --write_settings_files=off BitCounter -c DUT



